2025-02-05 16:22:35.128  D  
2025-02-05 16:22:35.129  D  **************  Starting VV_1  **************
2025-02-05 16:22:35.129  D  Script: VV.py 1.4.3
2025-02-05 16:22:35.129  I  Test Parameters:
2025-02-05 16:22:35.130  I      Volt-Var mode = Normal
2025-02-05 16:22:35.130  I      Characteristic 1 curve = Enabled
2025-02-05 16:22:35.130  I      Response time (s) for curve 1 = 10.0
2025-02-05 16:22:35.130  I      Characteristic 2 curve = Disabled
2025-02-05 16:22:35.131  I      Characteristic 3 curve = Disabled
2025-02-05 16:22:35.131  I      Power Levels iteration = 100%
2025-02-05 16:22:35.131  I      Voltage reference iteration = All
2025-02-05 16:22:35.131  I  EUT Parameters:
2025-02-05 16:22:35.132  I      Phases = Three phase
2025-02-05 16:22:35.132  I      Apparent power rating (VA) = 10000.0
2025-02-05 16:22:35.132  I      Output power rating (W) = 8000.0
2025-02-05 16:22:35.133  I      Minimum Power Rating(W) = 1000.0
2025-02-05 16:22:35.133  I      Output var rating (vars) = 2000.0
2025-02-05 16:22:35.133  I      Nominal AC voltage (V) = 120.0
2025-02-05 16:22:35.133  I      Minimum AC voltage (V) = 105.6
2025-02-05 16:22:35.133  I      Maximum AC voltage (V) = 132.0
2025-02-05 16:22:35.134  I      V_in_nom: Nominal input voltage (Vdc) = 400
2025-02-05 16:22:35.134  I      Nominal AC frequency (Hz) = 60.0
2025-02-05 16:22:35.134  I      Maximum frequency in the continuous operating region (Hz) = 66.0
2025-02-05 16:22:35.134  I      Minimum frequency in the continuous operating region (Hz) = 56.0
2025-02-05 16:22:35.134  I      EUT response to phase imbalance is calculated by: = EUT response to the average of the three-phase effective (RMS)
2025-02-05 16:22:35.135  I  DER Parameters:
2025-02-05 16:22:35.135  I      DER Mode = Disabled
2025-02-05 16:22:35.135  I  Grid Simulator Parameters:
2025-02-05 16:22:35.135  I      Mode = Opal
2025-02-05 16:22:35.136  I      Configure grid simulator at beginning of test = Enabled
2025-02-05 16:22:35.136  I      Opal Parameters:
2025-02-05 16:22:35.136  I          Phases = 3
2025-02-05 16:22:35.137  I          Nominal voltage for all phases = 230.0
2025-02-05 16:22:35.137  I          Frequency = 50.0
2025-02-05 16:22:35.137  I          Max Voltage = 250.0
2025-02-05 16:22:35.137  I          Max Frequency = 70.0
2025-02-05 16:22:35.138  I          Min Frequency = 45.0
2025-02-05 16:22:35.138  I  PV Simulator Parameters:
2025-02-05 16:22:35.138  I      Mode = Disabled
2025-02-05 16:22:35.139  I  Data Acquisition System Parameters:
2025-02-05 16:22:35.139  I      Mode = Opal
2025-02-05 16:22:35.139  I      Opal Parameters:
2025-02-05 16:22:35.139  I          Sample Interval (ms) = 1000
2025-02-05 16:22:35.140  I          Opal Analog Channel Map (e.g. simulinks blocks, etc,.) = Opal_Phase_Jump
2025-02-05 16:22:35.140  I          Waveform Directory = C:\Users\Host-PC\Desktop\pschmitz\OpenSVP_Testing2\models\IEEE_1547_Testing\ieee_1547_testing_sm_source\OpREDHAWK64target
2025-02-05 16:22:35.140  I          Waveform Channel List = PhaseJump
2025-02-05 16:22:35.140  I          Waveform Data File Name (.mat) = Data.mat
2025-02-05 16:22:35.141  I          Capture data from the console? = No
2025-02-05 16:22:35.141  I  HIL Parameters:
2025-02-05 16:22:35.141  I      Mode = Opal-RT
2025-02-05 16:22:35.142  I      Opal-RT Parameters:
2025-02-05 16:22:35.142  I          Target name in RT-LAB = Microgrid_Testbench
2025-02-05 16:22:35.142  I          Project Directory Loacation = C:\Users\Host-PC\Desktop\pschmitz\OpenSVP_Testing2\OpenSVP_Testing2.llp
2025-02-05 16:22:35.143  I          RT-LAB model name (.mdl or .slx) = IEEE_1547_Testing
2025-02-05 16:22:35.220  I          Real-Time simulation mode = Hardware
2025-02-05 16:22:35.221  I          Configure HIL in init = False
2025-02-05 16:22:35.222  I          Stop Time = 3600.0
2025-02-05 16:22:35.222  I  Functions to be activated in this test script = ['VV']
2025-02-05 16:22:35.223  D  Sc points: ['V_MEAS', 'V_TARGET', 'Q_MEAS', 'Q_TARGET', 'Q_TARGET_MIN', 'Q_TARGET_MAX', 'EVENT']
2025-02-05 16:22:35.223  D  summary column=90%_BY_TR=1,WITHIN_BOUNDS_BY_TR=1,WITHIN_BOUNDS_BY_LAST_TR,V_MEAS,V_TARGET,Q_MEAS,Q_TARGET,Q_TARGET_MIN,Q_TARGET_MAX,STEP,FILENAME
2025-02-05 16:22:35.224  D  1547.1 Library configured for UNDEFINED IN TEST CLASS
2025-02-05 16:22:35.225  D  y_variables={'Q': 'VV'}
2025-02-05 16:22:35.225  D  y_temp: Q
2025-02-05 16:22:35.422  D  y_points: ['AC_Q_1,AC_Q_2,AC_Q_3']
2025-02-05 16:22:35.422  D  y2_variable for result: V
2025-02-05 16:22:35.423  D  {'plot.title': 'title_name', 'plot.x.title': 'Time (sec)', 'plot.x.points': 'TIME', 'plot.y.points': 'AC_Q_1,AC_Q_2,AC_Q_3', 'plot.y.title': 'Reactive Power', 'plot.y2.points': 'AC_VRMS_1,AC_VRMS_2,AC_VRMS_3', 'plot.y2.title': 'Voltage', 'plot.Q_TARGET.min_error': 'Q_TARGET_MIN', 'plot.Q_TARGET.max_error': 'Q_TARGET_MAX'}
2025-02-05 16:22:35.425  D  ***************HIL initialization***************
2025-02-05 16:22:35.425  I  Opening Project: C:\Users\Host-PC\Desktop\pschmitz\OpenSVP_Testing2\OpenSVP_Testing2.llp
2025-02-05 16:22:35.426  I  Assuming project name is an absolute path to .llp file
2025-02-05 16:22:35.426  I  Opening project file: C:\Users\Host-PC\Desktop\pschmitz\OpenSVP_Testing2\OpenSVP_Testing2.llp
2025-02-05 16:22:35.643  I  Opened Project: C:\Users\Host-PC\Desktop\pschmitz\OpenSVP_Testing2\OpenSVP_Testing2.llp
2025-02-05 16:22:35.732  I  DC Sources configured
2025-02-05 16:22:35.732  D  info(), self.target_name = Microgrid_Testbench
2025-02-05 16:22:35.772  I  OPAL-RT - Platform version OPAL-RTLinux 3.5.4 (4.19.80-opalrtlinux) (IP address : 192.168.10.102)
2025-02-05 16:22:35.773  I  Opening Project: C:\Users\Host-PC\Desktop\pschmitz\OpenSVP_Testing2\OpenSVP_Testing2.llp
2025-02-05 16:22:35.773  I  Assuming project name is an absolute path to .llp file
2025-02-05 16:22:35.773  I  Opening project file: C:\Users\Host-PC\Desktop\pschmitz\OpenSVP_Testing2\OpenSVP_Testing2.llp
2025-02-05 16:22:35.777  I  Opened Project: C:\Users\Host-PC\Desktop\pschmitz\OpenSVP_Testing2\OpenSVP_Testing2.llp
2025-02-05 16:22:35.867  I  DC Sources configured
2025-02-05 16:22:36.876  I  Stopping/Resetting simulation. Current State: Model Loadable
2025-02-05 16:22:36.876  I  Model already stopped.
2025-02-05 16:22:36.876  I  Model state is now: Model Loadable
2025-02-05 16:22:36.877  I      Model Loadable
2025-02-05 16:22:36.877  I  Setting the simulation stop time for 3600.0 to run experiment.
2025-02-05 16:22:36.878  W  Stop time already set to 3600.0
2025-02-05 16:22:37.883  I  Loading Model.  This may take a while...
2025-02-05 16:22:37.884  I  The realtimemod : HARD_SYNC_MODE(0)
2025-02-05 16:23:01.225  I      The model is loaded.
2025-02-05 16:23:01.225  I  Simulation started.
2025-02-05 16:23:01.245  I  Waiting for the DC-Sources to enable output
2025-02-05 16:23:04.254  I  DC-Sources output enabled
2025-02-05 16:23:04.262  D  Setting matlab variable ENABLE_DC1 to 1.0 instead of 0.0 
2025-02-05 16:23:04.785  D  Setting matlab variable ENABLE_DC2 to 1.0 instead of 0.0 
2025-02-05 16:23:05.317  D  Setting matlab variable ENABLE_DC3 to 1.0 instead of 0.0 
2025-02-05 16:23:05.827  I  Waiting for the DC-BUS to load
2025-02-05 16:23:15.839  I  DC-BUS loaded
2025-02-05 16:23:15.846  D  Setting matlab variable ENABLE_AMP1 to 1.0 instead of 0.0 
2025-02-05 16:23:16.373  D  Setting matlab variable ENABLE_AMP2 to 1.0 instead of 0.0 
2025-02-05 16:23:16.902  D  Setting matlab variable ENABLE_AMP3 to 1.0 instead of 0.0 
2025-02-05 16:23:17.412  I  Amplifier Output Enabled
2025-02-05 16:23:17.413  I      The model state is now: Model Running
2025-02-05 16:23:17.413  D  ***************PVSIM initialization***************
2025-02-05 16:23:17.413  D  ***************DAS initialization***************
2025-02-05 16:23:17.414  D  DAS connected to with HIL: <svpelab.hil_opal.HIL object at 0x00000146DA441808>, DC meas: None, and gridsim: None
2025-02-05 16:23:17.431  I  DAS device: OPAL-RT - Platform version OPAL-RTLinux 3.5.4 (4.19.80-opalrtlinux) (IP address : 192.168.10.102)
2025-02-05 16:23:17.431  D  ***************EUT initialization***************
2025-02-05 16:23:17.431  D  Set L/HVRT and trip parameters set to the widest range of adjustability possible.
2025-02-05 16:23:17.431  D  ***************GRIDSIM initialization***************
2025-02-05 16:23:17.432  D  info(), self.target_name = Microgrid_Testbench
2025-02-05 16:23:17.474  D  Configuring gridsim with Opal hil parameters...using OPAL-RT - Platform version OPAL-RTLinux 3.5.4 (4.19.80-opalrtlinux) (IP address : 192.168.10.102)
2025-02-05 16:23:17.474  D  hil object : <svpelab.hil_opal.HIL object at 0x00000146DA441808>
2025-02-05 16:23:17.474  I  Configuring the Grid Simulator.
2025-02-05 16:23:17.474  I  Configuring phase angles, frequencies, and voltages for gridsim
2025-02-05 16:23:17.482  D  matlab variable PHASE_PHA was already configured to 0 
2025-02-05 16:23:17.489  D  matlab variable PHASE_PHB was already configured to -120 
2025-02-05 16:23:17.497  D  matlab variable PHASE_PHC was already configured to 120 
2025-02-05 16:23:17.522  D  matlab variable FREQUENCY was already configured to 50.0 
2025-02-05 16:23:17.536  D  matlab variable VOLT_PHA was already configured to 1.0 
2025-02-05 16:23:17.543  D  matlab variable VOLT_PHB was already configured to 1.0 
2025-02-05 16:23:17.550  D  matlab variable VOLT_PHC was already configured to 1.0 
2025-02-05 16:23:17.575  D  Setting matlab variable FREQUENCY_MAX_LIMIT to 70.0 instead of 55.0 
2025-02-05 16:23:18.101  D  matlab variable FREQUENCY_MIN_LIMIT was already configured to 45.0 
2025-02-05 16:23:18.114  D  Setting matlab variable VOLTAGE_MAX_LIMIT to 1.0869565217391304 instead of 1.2 
2025-02-05 16:23:18.648  D  matlab variable VOLTAGE_MIN_LIMIT was already configured to 0.0 
2025-02-05 16:23:18.662  D  Setting matlab variable VOLT_PHA to 0.5217391304347826 instead of 1.0 
2025-02-05 16:23:19.193  D  Setting matlab variable VOLT_PHB to 0.5217391304347826 instead of 1.0 
2025-02-05 16:23:19.724  D  Setting matlab variable VOLT_PHC to 0.5217391304347826 instead of 1.0 
2025-02-05 16:23:20.265  I  Configuring phase angles, frequencies, and voltages for gridsim
2025-02-05 16:23:20.272  D  matlab variable PHASE_PHA was already configured to 0 
2025-02-05 16:23:20.279  D  matlab variable PHASE_PHB was already configured to -120 
2025-02-05 16:23:20.286  D  matlab variable PHASE_PHC was already configured to 120 
2025-02-05 16:23:20.312  D  matlab variable FREQUENCY was already configured to 50.0 
2025-02-05 16:23:20.324  D  Setting matlab variable VOLT_PHA to 1.0 instead of 0.5217391304347826 
2025-02-05 16:23:20.846  D  Setting matlab variable VOLT_PHB to 1.0 instead of 0.5217391304347826 
2025-02-05 16:23:21.378  D  Setting matlab variable VOLT_PHC to 1.0 instead of 0.5217391304347826 
2025-02-05 16:23:21.929  D  matlab variable FREQUENCY_MAX_LIMIT was already configured to 70.0 
2025-02-05 16:23:21.942  D  matlab variable FREQUENCY_MIN_LIMIT was already configured to 45.0 
2025-02-05 16:23:21.954  D  matlab variable VOLTAGE_MAX_LIMIT was already configured to 1.0869565217391304 
2025-02-05 16:23:21.968  D  matlab variable VOLTAGE_MIN_LIMIT was already configured to 0.0 
2025-02-05 16:23:22.081  I  Starting test with characteristic curve 1
2025-02-05 16:23:22.081  D  P1547 Librairy curve has been set 1
2025-02-05 16:23:22.082  D  P1547 Time response has been set to 10.0 seconds
2025-02-05 16:23:22.082  D  P1547 Number of Time response has been set to 2 cycles
2025-02-05 16:23:22.082  D  P1547 Librairy power level has been set 100%
2025-02-05 16:23:22.083  I  Setting v_ref at 100 % of v_nom
2025-02-05 16:23:22.091  D  Setting matlab variable VOLT_PHA to 0.5217391304347826 instead of 1.0 
2025-02-05 16:23:22.609  D  Setting matlab variable VOLT_PHB to 0.5217391304347826 instead of 1.0 
2025-02-05 16:23:23.126  D  Setting matlab variable VOLT_PHC to 0.5217391304347826 instead of 1.0 
2025-02-05 16:23:23.670  I  Start simulation of CHIL
2025-02-05 16:23:23.671  W  Model was not loaded because the status is:  Model Running
2025-02-05 16:23:23.671  W  Model is not running because the status is:  Model Running
2025-02-05 16:23:23.671  D  OrderedDict([('Step G', 120.6), ('Step H', 124.2), ('Step I', 126.0), ('Step J', 127.8), ('Step K', 131.4), ('Step L', 130.2), ('Step M', 131.4), ('Step N', 127.8), ('Step O', 126.0), ('Step P', 124.2), ('Step Q', 120.6), ('Step R', 120.0), ('Step S', 119.4), ('Step T', 115.8), ('Step U', 114.0), ('Step V', 112.2), ('Step W', 108.6), ('Step X', 107.4), ('Step Y', 108.6), ('Step Z', 112.2), ('Step AA', 114.0), ('Step BB', 115.8), ('Step CC', 119.4), ('Step DD', 120.0)])
2025-02-05 16:23:23.672  I  Voltage step: setting Grid simulator voltage to 120.6 (Step G)
2025-02-05 16:23:24.212  D  120.01493110159156
2025-02-05 16:23:24.213  D  nan
2025-02-05 16:23:24.220  D  Setting matlab variable VOLT_PHA to 0.5243478260869565 instead of 0.5217391304347826 
2025-02-05 16:23:24.737  D  Setting matlab variable VOLT_PHB to 0.5243478260869565 instead of 0.5217391304347826 
2025-02-05 16:23:25.257  D  Setting matlab variable VOLT_PHC to 0.5243478260869565 instead of 0.5217391304347826 
2025-02-05 16:23:25.799  I  Waiting 7.873463 seconds to get the next Tr data for analysis...
2025-02-05 16:23:34.407  I  Value V: 80.126
2025-02-05 16:23:34.407  I  Value Q: nan
2025-02-05 16:23:34.407  I  Waiting 9.26568 seconds to get the next Tr data for analysis...
2025-02-05 16:23:44.562  I  Value V: 80.126
2025-02-05 16:23:44.562  I  Value Q: nan
2025-02-05 16:23:44.562  I  Waiting 9.110736 seconds to get the next Tr data for analysis...
2025-02-05 16:23:54.715  I  Value V: 80.126
2025-02-05 16:23:54.715  I  Value Q: nan
2025-02-05 16:23:54.715  D  daq={'V_MEAS': 80.126, 'V_TARGET': 120.0, 'Q_MEAS': nan, 'Q_TARGET': 100, 'Q_TARGET_MIN': 100, 'Q_TARGET_MAX': 100, 'EVENT': 'Step G_TR_3', 'event': 'Step G'}
2025-02-05 16:23:54.716  D  tr_iter=0
2025-02-05 16:23:54.716  D  step_dict
2025-02-05 16:23:54.716  D  tr_targ=120.6
2025-02-05 16:23:54.716  I  X Value (V) = 80.126
2025-02-05 16:23:54.717  D  function=VV
2025-02-05 16:23:54.717  D  120.01493110159156
2025-02-05 16:23:54.717  D  Q_TR_TARG_0
2025-02-05 16:23:54.717  D  tr_target=0.0
2025-02-05 16:23:54.718  I  Y Value (Q) = nan. Pass/fail bounds = [-750.0, 750.0]
2025-02-05 16:23:54.718  D  tr_iter=1
2025-02-05 16:23:54.718  D  step_dict
2025-02-05 16:23:54.718  D  tr_targ=120.6
2025-02-05 16:23:54.718  I  X Value (V) = 80.126
2025-02-05 16:23:54.719  D  function=VV
2025-02-05 16:23:54.719  D  120.01493110159156
2025-02-05 16:23:54.719  D  Q_TR_TARG_1
2025-02-05 16:23:54.719  D  tr_target=0.0
2025-02-05 16:23:54.720  I  Y Value (Q) = nan. Pass/fail bounds = [-750.0, 750.0]
2025-02-05 16:23:54.720  D  tr_iter=2
2025-02-05 16:23:54.720  D  step_dict
2025-02-05 16:23:54.720  D  tr_targ=120.6
2025-02-05 16:23:54.720  I  X Value (V) = 80.126
2025-02-05 16:23:54.721  D  function=VV
2025-02-05 16:23:54.721  D  120.01493110159156
2025-02-05 16:23:54.721  D  Q_TR_TARG_2
2025-02-05 16:23:54.721  D  tr_target=0.0
2025-02-05 16:23:54.722  I  Y Value (Q) = nan. Pass/fail bounds = [-750.0, 750.0]
2025-02-05 16:23:54.722  I  Calculating pass/fail for Tr = 10.0 sec, with a target of 1 sec
2025-02-05 16:23:54.722  D  y_target = nan, y_ss [0.00], y_start [nan], duration = 10.0, tr=1
2025-02-05 16:23:54.722  D  Transient y_targ =nan, y_min [nan] <= y_meas [nan] <= y_max [nan] = Fail
2025-02-05 16:23:54.723  D  RESULT_ACCURACY
2025-02-05 16:23:54.723  I    Steady state Q(Tr_1) evaluation: -750.0 <= nan <= 750.0  [Fail]
2025-02-05 16:23:54.723  I    Steady state Q(Tr_2) evaluation: -750.0 <= nan <= 750.0  [Fail]
2025-02-05 16:23:54.723  I  Voltage step: setting Grid simulator voltage to 124.2 (Step H)
2025-02-05 16:23:55.270  D  120.616511276939
2025-02-05 16:23:55.270  D  nan
2025-02-05 16:23:55.277  D  Setting matlab variable VOLT_PHA to 0.54 instead of 0.5243478260869565 
2025-02-05 16:23:55.801  D  Setting matlab variable VOLT_PHB to 0.54 instead of 0.5243478260869565 
2025-02-05 16:23:56.319  D  Setting matlab variable VOLT_PHC to 0.54 instead of 0.5243478260869565 
2025-02-05 16:23:56.853  I  Waiting 7.869885 seconds to get the next Tr data for analysis...
2025-02-05 16:24:05.512  I  Value V: 80.545
2025-02-05 16:24:05.512  I  Value Q: nan
2025-02-05 16:24:05.512  I  Waiting 9.210867 seconds to get the next Tr data for analysis...
2025-02-05 16:24:13.582  I  message: {'op': 'cmd', 'cmd': 'stop'}
2025-02-05 16:24:13.583  I  Saving file: VV_1_PWR_100_vref_100.csv
2025-02-05 16:24:13.692  E  Test script exception: Traceback (most recent call last):
  File "C:\Users\Philipp Schmitz\Desktop\OpenSVP\OpenSVP-HBRS24\1547.1\Scripts\VV.py", line 326, in volt_vars_mode
    ActiveFunction.record_timeresponse(daq=daq)
  File "C:\Users\Philipp Schmitz\Desktop\OpenSVP\OpenSVP-HBRS24\1547.1\Lib\svpelab\p1547.py", line 605, in record_timeresponse
    self.ts.sleep(time_to_sleep.total_seconds())
  File "C:\Users\Philipp Schmitz\Desktop\OpenSVP\OpenSVP-HBRS24\app.py", line 561, in sleep
    raise script.ScriptError('Commanded stop')
script.ScriptError: Commanded stop

2025-02-05 16:24:13.700  D  Setting matlab variable VOLT_PHA to 0.5217391304347826 instead of 0.54 
2025-02-05 16:24:14.227  D  Setting matlab variable VOLT_PHB to 0.5217391304347826 instead of 0.54 
2025-02-05 16:24:14.758  D  Setting matlab variable VOLT_PHC to 0.5217391304347826 instead of 0.54 
2025-02-05 16:24:15.299  I  Stopping/Resetting simulation. Current State: Model Running
2025-02-05 16:24:25.536  I  Model state is now: Model Loadable
2025-02-05 16:24:25.861  I  Test result - Fail
