2024-11-20 12:51:58.297  D  
2024-11-20 12:51:58.297  D  **************  Starting VV_1  **************
2024-11-20 12:51:58.298  D  Script: VV.py 1.4.3
2024-11-20 12:51:58.298  I  Test Parameters:
2024-11-20 12:51:58.298  I      Volt-Var mode = Normal
2024-11-20 12:51:58.298  I      Characteristic 1 curve = Enabled
2024-11-20 12:51:58.299  I      Response time (s) for curve 1 = 10.0
2024-11-20 12:51:58.299  I      Characteristic 2 curve = Disabled
2024-11-20 12:51:58.299  I      Characteristic 3 curve = Disabled
2024-11-20 12:51:58.300  I      Power Levels iteration = 100%
2024-11-20 12:51:58.300  I      Voltage reference iteration = All
2024-11-20 12:51:58.300  I  EUT Parameters:
2024-11-20 12:51:58.300  I      Phases = Three phase
2024-11-20 12:51:58.308  I      Apparent power rating (VA) = 10000.0
2024-11-20 12:51:58.308  I      Output power rating (W) = 8000.0
2024-11-20 12:51:58.308  I      Minimum Power Rating(W) = 1000.0
2024-11-20 12:51:58.308  I      Output var rating (vars) = 2000.0
2024-11-20 12:51:58.309  I      Nominal AC voltage (V) = 120.0
2024-11-20 12:51:58.309  I      Minimum AC voltage (V) = 105.6
2024-11-20 12:51:58.309  I      Maximum AC voltage (V) = 132.0
2024-11-20 12:51:58.309  I      V_in_nom: Nominal input voltage (Vdc) = 400
2024-11-20 12:51:58.309  I      Nominal AC frequency (Hz) = 60.0
2024-11-20 12:51:58.310  I      Maximum frequency in the continuous operating region (Hz) = 66.0
2024-11-20 12:51:58.310  I      Minimum frequency in the continuous operating region (Hz) = 56.0
2024-11-20 12:51:58.310  I      EUT response to phase imbalance is calculated by: = EUT response to the average of the three-phase effective (RMS)
2024-11-20 12:51:58.310  I  DER Parameters:
2024-11-20 12:51:58.310  I      DER Mode = Disabled
2024-11-20 12:51:58.311  I  Grid Simulator Parameters:
2024-11-20 12:51:58.311  I      Mode = Disabled
2024-11-20 12:51:58.311  I      Configure grid simulator at beginning of test = Disabled
2024-11-20 12:51:58.312  I  PV Simulator Parameters:
2024-11-20 12:51:58.312  I      Mode = Disabled
2024-11-20 12:51:58.312  I  Data Acquisition System Parameters:
2024-11-20 12:51:58.312  I      Mode = Opal
2024-11-20 12:51:58.313  I      Opal Parameters:
2024-11-20 12:51:58.313  I          Sample Interval (ms) = 1000
2024-11-20 12:51:58.313  I          Opal Analog Channel Map (e.g. simulinks blocks, etc,.) = IEEE1547_VRT
2024-11-20 12:51:58.314  I          Waveform Directory = C:\Users\Host-PC\Desktop\pschmitz\OpenSVP_Testing2\models\IEEE_1547_Testing\ieee_1547_testing_sm_source\OpREDHAWK64target
2024-11-20 12:51:58.314  I          Waveform Channel List = PhaseJump
2024-11-20 12:51:58.314  I          Waveform Data File Name (.mat) = MeasurementsRMS.mat
2024-11-20 12:51:58.314  I          Capture data from the console? = No
2024-11-20 12:51:58.315  I  HIL Parameters:
2024-11-20 12:51:58.315  I      Mode = Opal-RT
2024-11-20 12:51:58.315  I      Opal-RT Parameters:
2024-11-20 12:51:58.315  I          Target name in RT-LAB = Microgrid_Testbench
2024-11-20 12:51:58.316  I          Project Directory Loacation = C:\Users\Host-PC\Desktop\pschmitz\OpenSVP_Testing2\OpenSVP_Testing2.llp
2024-11-20 12:51:58.316  I          RT-LAB model name (.mdl or .slx) = IEEE_1547_Testing
2024-11-20 12:51:58.316  I          Real-Time simulation mode = Hardware
2024-11-20 12:51:58.317  I          Configure HIL in init = False
2024-11-20 12:51:58.317  I          Stop Time = 3600.0
2024-11-20 12:51:58.318  I  Functions to be activated in this test script = ['VV']
2024-11-20 12:51:58.318  D  Sc points: ['V_MEAS', 'V_TARGET', 'Q_MEAS', 'Q_TARGET', 'Q_TARGET_MIN', 'Q_TARGET_MAX', 'EVENT']
2024-11-20 12:51:58.318  D  summary column=90%_BY_TR=1,WITHIN_BOUNDS_BY_TR=1,WITHIN_BOUNDS_BY_LAST_TR,V_MEAS,V_TARGET,Q_MEAS,Q_TARGET,Q_TARGET_MIN,Q_TARGET_MAX,STEP,FILENAME
2024-11-20 12:51:58.396  D  1547.1 Library configured for UNDEFINED IN TEST CLASS
2024-11-20 12:51:58.396  D  y_variables={'Q': 'VV'}
2024-11-20 12:51:58.397  D  y_temp: Q
2024-11-20 12:51:58.398  D  y_points: ['AC_Q_1,AC_Q_2,AC_Q_3']
2024-11-20 12:51:58.399  D  y2_variable for result: V
2024-11-20 12:51:58.399  D  {'plot.title': 'title_name', 'plot.x.title': 'Time (sec)', 'plot.x.points': 'TIME', 'plot.y.points': 'AC_Q_1,AC_Q_2,AC_Q_3', 'plot.y.title': 'Reactive Power', 'plot.y2.points': 'AC_VRMS_1,AC_VRMS_2,AC_VRMS_3', 'plot.y2.title': 'Voltage', 'plot.Q_TARGET.min_error': 'Q_TARGET_MIN', 'plot.Q_TARGET.max_error': 'Q_TARGET_MAX'}
2024-11-20 12:51:58.400  D  ***************HIL initialization***************
2024-11-20 12:51:58.599  I  Opening Project: C:\Users\Host-PC\Desktop\pschmitz\OpenSVP_Testing2\OpenSVP_Testing2.llp
2024-11-20 12:51:58.602  I  Assuming project name is an absolute path to .llp file
2024-11-20 12:51:58.602  I  Opening project file: C:\Users\Host-PC\Desktop\pschmitz\OpenSVP_Testing2\OpenSVP_Testing2.llp
2024-11-20 12:51:58.622  I  Opened Project: C:\Users\Host-PC\Desktop\pschmitz\OpenSVP_Testing2\OpenSVP_Testing2.llp
2024-11-20 12:51:58.623  D  info(), self.target_name = Microgrid_Testbench
2024-11-20 12:51:58.686  I  OPAL-RT - Platform version OPAL-RTLinux 3.5.4 (4.19.80-opalrtlinux) (IP address : 192.168.10.102)
2024-11-20 12:51:58.686  I  Opening Project: C:\Users\Host-PC\Desktop\pschmitz\OpenSVP_Testing2\OpenSVP_Testing2.llp
2024-11-20 12:51:58.686  I  Assuming project name is an absolute path to .llp file
2024-11-20 12:51:58.802  I  Opening project file: C:\Users\Host-PC\Desktop\pschmitz\OpenSVP_Testing2\OpenSVP_Testing2.llp
2024-11-20 12:51:58.817  I  Opened Project: C:\Users\Host-PC\Desktop\pschmitz\OpenSVP_Testing2\OpenSVP_Testing2.llp
2024-11-20 12:51:58.818  I  Setting the simulation stop time for 3600.0 to run experiment.
2024-11-20 12:51:58.818  W  Stop time already set to 3600.0
2024-11-20 12:51:58.819  D  ***************PVSIM initialization***************
2024-11-20 12:51:58.820  D  ***************DAS initialization***************
2024-11-20 12:51:58.820  D  DAS connected to with HIL: <svpelab.hil_opal.HIL object at 0x0000017B71894848>, DC meas: None, and gridsim: None
2024-11-20 12:51:58.839  E  Test script exception: Traceback (most recent call last):
  File "C:\Users\Philipp Schmitz\Desktop\OpenSVP\svp_1547.1-master\svp_1547.1-master\1547.1\Scripts\VV.py", line 135, in volt_vars_mode
    daq = das.das_init(ts, sc_points=das_points['sc'], support_interfaces={'hil': chil})
  File "C:\Users\Philipp Schmitz\Desktop\OpenSVP\svp_1547.1-master\svp_1547.1-master\1547.1\Lib\svpelab\das.py", line 128, in das_init
    support_interfaces=support_interfaces)
  File "C:\Users\Philipp Schmitz\Desktop\OpenSVP\svp_1547.1-master\svp_1547.1-master\1547.1\Lib\svpelab\das_opal.py", line 63, in __init__
    self.device = device_das_opal.Device(self.params)
  File "C:\Users\Philipp Schmitz\Desktop\OpenSVP\svp_1547.1-master\svp_1547.1-master\1547.1\Lib\svpelab\device_das_opal.py", line 268, in __init__
    self.data_point_map = opal_points_map[self.map]  # dict with the {data_point: opal signal} map
KeyError: 'IEEE1547_VRT'

2024-11-20 12:51:59.009  I  Stopping/Resetting simulation. Current State: Model Loadable
2024-11-20 12:51:59.010  I  Model already stopped.
2024-11-20 12:51:59.011  I  Model state is now: Model Loadable
2024-11-20 12:51:59.855  I  Test result - Fail
