2024-11-18 15:37:12.572  D  
2024-11-18 15:37:12.573  D  **************  Starting VV_1  **************
2024-11-18 15:37:12.573  D  Script: VV.py 1.4.3
2024-11-18 15:37:12.573  I  Test Parameters:
2024-11-18 15:37:12.574  I      Volt-Var mode = Normal
2024-11-18 15:37:12.574  I      Characteristic 1 curve = Enabled
2024-11-18 15:37:12.574  I      Response time (s) for curve 1 = 10.0
2024-11-18 15:37:12.574  I      Characteristic 2 curve = Disabled
2024-11-18 15:37:12.575  I      Characteristic 3 curve = Disabled
2024-11-18 15:37:12.575  I      Power Levels iteration = 100%
2024-11-18 15:37:12.575  I      Voltage reference iteration = All
2024-11-18 15:37:12.575  I  EUT Parameters:
2024-11-18 15:37:12.576  I      Phases = Three phase
2024-11-18 15:37:12.576  I      Apparent power rating (VA) = 10000.0
2024-11-18 15:37:12.576  I      Output power rating (W) = 8000.0
2024-11-18 15:37:12.576  I      Minimum Power Rating(W) = 1000.0
2024-11-18 15:37:12.577  I      Output var rating (vars) = 2000.0
2024-11-18 15:37:12.577  I      Nominal AC voltage (V) = 120.0
2024-11-18 15:37:12.577  I      Minimum AC voltage (V) = 105.6
2024-11-18 15:37:12.577  I      Maximum AC voltage (V) = 132.0
2024-11-18 15:37:12.577  I      V_in_nom: Nominal input voltage (Vdc) = 400
2024-11-18 15:37:12.578  I      Nominal AC frequency (Hz) = 60.0
2024-11-18 15:37:12.578  I      Maximum frequency in the continuous operating region (Hz) = 66.0
2024-11-18 15:37:12.578  I      Minimum frequency in the continuous operating region (Hz) = 56.0
2024-11-18 15:37:12.578  I      EUT response to phase imbalance is calculated by: = EUT response to the average of the three-phase effective (RMS)
2024-11-18 15:37:12.579  I  DER Parameters:
2024-11-18 15:37:12.579  I      DER Mode = Disabled
2024-11-18 15:37:12.579  I  Grid Simulator Parameters:
2024-11-18 15:37:12.579  I      Mode = Disabled
2024-11-18 15:37:12.579  I      Configure grid simulator at beginning of test = Disabled
2024-11-18 15:37:12.580  I  PV Simulator Parameters:
2024-11-18 15:37:12.580  I      Mode = Disabled
2024-11-18 15:37:12.580  I  Data Acquisition System Parameters:
2024-11-18 15:37:12.581  I      Mode = Disabled
2024-11-18 15:37:12.581  I  HIL Parameters:
2024-11-18 15:37:12.581  I      Mode = Opal-RT
2024-11-18 15:37:12.581  I      Opal-RT Parameters:
2024-11-18 15:37:12.582  I          Target name in RT-LAB = Microgrid_Testbench
2024-11-18 15:37:12.582  I          Project Directory Loacation = C:\Users\Host-PC\Desktop\pschmitz\OpenSVP_Testing2\OpenSVP_Testing2.llp
2024-11-18 15:37:12.582  I          RT-LAB model name (.mdl or .slx) = IEEE_1547_Testing
2024-11-18 15:37:12.583  I          Real-Time simulation mode = Hardware
2024-11-18 15:37:12.583  I          Configure HIL in init = False
2024-11-18 15:37:12.583  I          Stop Time = 3600.0
2024-11-18 15:37:12.584  I  Functions to be activated in this test script = ['VV']
2024-11-18 15:37:12.584  D  Sc points: ['V_MEAS', 'V_TARGET', 'Q_MEAS', 'Q_TARGET', 'Q_TARGET_MIN', 'Q_TARGET_MAX', 'EVENT']
2024-11-18 15:37:12.584  D  summary column=90%_BY_TR=1,WITHIN_BOUNDS_BY_TR=1,WITHIN_BOUNDS_BY_LAST_TR,V_MEAS,V_TARGET,Q_MEAS,Q_TARGET,Q_TARGET_MIN,Q_TARGET_MAX,STEP,FILENAME
2024-11-18 15:37:12.584  D  1547.1 Library configured for UNDEFINED IN TEST CLASS
2024-11-18 15:37:12.585  D  y_variables={'Q': 'VV'}
2024-11-18 15:37:12.585  D  y_temp: Q
2024-11-18 15:37:12.585  D  y_points: ['AC_Q_1,AC_Q_2,AC_Q_3']
2024-11-18 15:37:12.585  D  y2_variable for result: V
2024-11-18 15:37:12.585  D  {'plot.title': 'title_name', 'plot.x.title': 'Time (sec)', 'plot.x.points': 'TIME', 'plot.y.points': 'AC_Q_1,AC_Q_2,AC_Q_3', 'plot.y.title': 'Reactive Power', 'plot.y2.points': 'AC_VRMS_1,AC_VRMS_2,AC_VRMS_3', 'plot.y2.title': 'Voltage', 'plot.Q_TARGET.min_error': 'Q_TARGET_MIN', 'plot.Q_TARGET.max_error': 'Q_TARGET_MAX'}
2024-11-18 15:37:12.783  D  ***************HIL initialization***************
2024-11-18 15:37:12.785  E  Test script exception: Traceback (most recent call last):
  File "C:\Users\Philipp Schmitz\Desktop\OpenSVP\svp_1547.1-master\svp_1547.1-master\1547.1\Scripts\VV.py", line 117, in volt_vars_mode
    chil = hil.hil_init(ts)
  File "C:\Users\Philipp Schmitz\Desktop\OpenSVP\svp_1547.1-master\svp_1547.1-master\1547.1\Lib\svpelab\hil.py", line 102, in hil_init
    sim = sim_module.HIL(ts, group_name)
  File "C:\Users\Philipp Schmitz\Desktop\OpenSVP\svp_1547.1-master\svp_1547.1-master\1547.1\Lib\svpelab\hil_opal.py", line 128, in __init__
    self.open()
  File "C:\Users\Philipp Schmitz\Desktop\OpenSVP\svp_1547.1-master\svp_1547.1-master\1547.1\Lib\svpelab\hil_opal.py", line 248, in open
    self.ts.log('Opening Project: %s' % self.project_name)
AttributeError: 'HIL' object has no attribute 'project_name'

2024-11-18 15:37:13.799  I  Test result - Fail
