2024-11-27 12:56:24.493  D  
2024-11-27 12:56:24.493  D  **************  Starting VV_1  **************
2024-11-27 12:56:24.494  D  Script: VV.py 1.4.3
2024-11-27 12:56:24.494  I  Test Parameters:
2024-11-27 12:56:24.494  I      Volt-Var mode = Normal
2024-11-27 12:56:24.495  I      Characteristic 1 curve = Enabled
2024-11-27 12:56:24.495  I      Response time (s) for curve 1 = 10.0
2024-11-27 12:56:24.495  I      Characteristic 2 curve = Disabled
2024-11-27 12:56:24.495  I      Characteristic 3 curve = Disabled
2024-11-27 12:56:24.496  I      Power Levels iteration = 100%
2024-11-27 12:56:24.496  I      Voltage reference iteration = All
2024-11-27 12:56:24.496  I  EUT Parameters:
2024-11-27 12:56:24.496  I      Phases = Three phase
2024-11-27 12:56:24.497  I      Apparent power rating (VA) = 10000.0
2024-11-27 12:56:24.497  I      Output power rating (W) = 8000.0
2024-11-27 12:56:24.497  I      Minimum Power Rating(W) = 1000.0
2024-11-27 12:56:24.497  I      Output var rating (vars) = 2000.0
2024-11-27 12:56:24.498  I      Nominal AC voltage (V) = 120.0
2024-11-27 12:56:24.498  I      Minimum AC voltage (V) = 105.6
2024-11-27 12:56:24.498  I      Maximum AC voltage (V) = 132.0
2024-11-27 12:56:24.498  I      V_in_nom: Nominal input voltage (Vdc) = 400
2024-11-27 12:56:24.499  I      Nominal AC frequency (Hz) = 60.0
2024-11-27 12:56:24.499  I      Maximum frequency in the continuous operating region (Hz) = 66.0
2024-11-27 12:56:24.499  I      Minimum frequency in the continuous operating region (Hz) = 56.0
2024-11-27 12:56:24.499  I      EUT response to phase imbalance is calculated by: = EUT response to the average of the three-phase effective (RMS)
2024-11-27 12:56:24.499  I  DER Parameters:
2024-11-27 12:56:24.500  I      DER Mode = Disabled
2024-11-27 12:56:24.500  I  Grid Simulator Parameters:
2024-11-27 12:56:24.500  I      Mode = Opal
2024-11-27 12:56:24.500  I      Configure grid simulator at beginning of test = Disabled
2024-11-27 12:56:24.501  I      Opal Parameters:
2024-11-27 12:56:24.501  I          Phases = 3
2024-11-27 12:56:24.501  I          Nominal voltage for all phases = 230.0
2024-11-27 12:56:24.502  I          Frequency = 50.0
2024-11-27 12:56:24.502  I          Max Voltage = 250.0
2024-11-27 12:56:24.502  I          Max Frequency = 70.0
2024-11-27 12:56:24.503  I          Min Frequency = 45.0
2024-11-27 12:56:24.503  I  PV Simulator Parameters:
2024-11-27 12:56:24.503  I      Mode = Disabled
2024-11-27 12:56:24.503  I  Data Acquisition System Parameters:
2024-11-27 12:56:24.504  I      Mode = Opal
2024-11-27 12:56:24.504  I      Opal Parameters:
2024-11-27 12:56:24.504  I          Sample Interval (ms) = 1000
2024-11-27 12:56:24.504  I          Opal Analog Channel Map (e.g. simulinks blocks, etc,.) = Opal_Phase_Jump
2024-11-27 12:56:24.505  I          Waveform Directory = C:\Users\Host-PC\Desktop\pschmitz\OpenSVP_Testing2\models\IEEE_1547_Testing\ieee_1547_testing_sm_source\OpREDHAWK64target
2024-11-27 12:56:24.505  I          Waveform Channel List = PhaseJump
2024-11-27 12:56:24.505  I          Waveform Data File Name (.mat) = Data.mat
2024-11-27 12:56:24.506  I          Capture data from the console? = No
2024-11-27 12:56:24.506  I  HIL Parameters:
2024-11-27 12:56:24.506  I      Mode = Opal-RT
2024-11-27 12:56:24.506  I      Opal-RT Parameters:
2024-11-27 12:56:24.507  I          Target name in RT-LAB = Microgrid_Testbench
2024-11-27 12:56:24.507  I          Project Directory Loacation = C:\Users\Host-PC\Desktop\pschmitz\OpenSVP_Testing2\OpenSVP_Testing2.llp
2024-11-27 12:56:24.507  I          RT-LAB model name (.mdl or .slx) = IEEE_1547_Testing
2024-11-27 12:56:24.593  I          Real-Time simulation mode = Hardware
2024-11-27 12:56:24.595  I          Configure HIL in init = False
2024-11-27 12:56:24.598  I          Stop Time = 3600.0
2024-11-27 12:56:24.599  I  Functions to be activated in this test script = ['VV']
2024-11-27 12:56:24.600  D  Sc points: ['V_MEAS', 'V_TARGET', 'Q_MEAS', 'Q_TARGET', 'Q_TARGET_MIN', 'Q_TARGET_MAX', 'EVENT']
2024-11-27 12:56:24.603  D  summary column=90%_BY_TR=1,WITHIN_BOUNDS_BY_TR=1,WITHIN_BOUNDS_BY_LAST_TR,V_MEAS,V_TARGET,Q_MEAS,Q_TARGET,Q_TARGET_MIN,Q_TARGET_MAX,STEP,FILENAME
2024-11-27 12:56:24.605  D  1547.1 Library configured for UNDEFINED IN TEST CLASS
2024-11-27 12:56:24.609  D  y_variables={'Q': 'VV'}
2024-11-27 12:56:24.610  D  y_temp: Q
2024-11-27 12:56:24.781  D  y_points: ['AC_Q_1,AC_Q_2,AC_Q_3']
2024-11-27 12:56:24.782  D  y2_variable for result: V
2024-11-27 12:56:24.783  D  {'plot.title': 'title_name', 'plot.x.title': 'Time (sec)', 'plot.x.points': 'TIME', 'plot.y.points': 'AC_Q_1,AC_Q_2,AC_Q_3', 'plot.y.title': 'Reactive Power', 'plot.y2.points': 'AC_VRMS_1,AC_VRMS_2,AC_VRMS_3', 'plot.y2.title': 'Voltage', 'plot.Q_TARGET.min_error': 'Q_TARGET_MIN', 'plot.Q_TARGET.max_error': 'Q_TARGET_MAX'}
2024-11-27 12:56:24.785  D  ***************HIL initialization***************
2024-11-27 12:56:24.786  I  Opening Project: C:\Users\Host-PC\Desktop\pschmitz\OpenSVP_Testing2\OpenSVP_Testing2.llp
2024-11-27 12:56:24.786  I  Assuming project name is an absolute path to .llp file
2024-11-27 12:56:24.787  I  Opening project file: C:\Users\Host-PC\Desktop\pschmitz\OpenSVP_Testing2\OpenSVP_Testing2.llp
2024-11-27 12:56:25.006  I  Opened Project: C:\Users\Host-PC\Desktop\pschmitz\OpenSVP_Testing2\OpenSVP_Testing2.llp
2024-11-27 12:56:25.007  D  info(), self.target_name = Microgrid_Testbench
2024-11-27 12:56:25.058  I  OPAL-RT - Platform version OPAL-RTLinux 3.5.4 (4.19.80-opalrtlinux) (IP address : 192.168.10.102)
2024-11-27 12:56:25.059  I  Opening Project: C:\Users\Host-PC\Desktop\pschmitz\OpenSVP_Testing2\OpenSVP_Testing2.llp
2024-11-27 12:56:25.059  I  Assuming project name is an absolute path to .llp file
2024-11-27 12:56:25.059  I  Opening project file: C:\Users\Host-PC\Desktop\pschmitz\OpenSVP_Testing2\OpenSVP_Testing2.llp
2024-11-27 12:56:25.063  I  Opened Project: C:\Users\Host-PC\Desktop\pschmitz\OpenSVP_Testing2\OpenSVP_Testing2.llp
2024-11-27 12:56:25.063  I  Setting the simulation stop time for 3600.0 to run experiment.
2024-11-27 12:56:25.202  W  Stop time already set to 3600.0
2024-11-27 12:56:25.203  D  ***************PVSIM initialization***************
2024-11-27 12:56:25.203  D  ***************DAS initialization***************
2024-11-27 12:56:25.204  D  DAS connected to with HIL: <svpelab.hil_opal.HIL object at 0x000002312AB68E88>, DC meas: None, and gridsim: None
2024-11-27 12:56:25.240  I  DAS device: OPAL-RT - Platform version OPAL-RTLinux 3.5.4 (4.19.80-opalrtlinux) (IP address : 192.168.10.102)
2024-11-27 12:56:25.240  D  ***************EUT initialization***************
2024-11-27 12:56:25.241  D  Set L/HVRT and trip parameters set to the widest range of adjustability possible.
2024-11-27 12:56:25.241  D  ***************GRIDSIM initialization***************
2024-11-27 12:56:25.406  D  info(), self.target_name = Microgrid_Testbench
2024-11-27 12:56:25.442  D  Configuring gridsim with Opal hil parameters...using OPAL-RT - Platform version OPAL-RTLinux 3.5.4 (4.19.80-opalrtlinux) (IP address : 192.168.10.102)
2024-11-27 12:56:25.443  D  hil object : <svpelab.hil_opal.HIL object at 0x000002312AB68E88>
2024-11-27 12:56:25.455  D  Setting matlab variable VOLT_PHA to 0.5217391304347826 instead of 1.0 
2024-11-27 12:56:25.973  E  Test script exception: Traceback (most recent call last):
  File "C:\Users\Philipp Schmitz\Desktop\OpenSVP\OpenSVP-HBRS24\1547.1\Scripts\VV.py", line 204, in volt_vars_mode
    grid.voltage(v_nom)
  File "C:\Users\Philipp Schmitz\Desktop\OpenSVP\OpenSVP-HBRS24\1547.1\Lib\svpelab\gridsim_opal.py", line 326, in voltage
    self.hil.set_matlab_variables(parameters)
  File "C:\Users\Philipp Schmitz\Desktop\OpenSVP\OpenSVP-HBRS24\1547.1\Lib\svpelab\hil_opal.py", line 930, in set_matlab_variables
    self.set_matlab_variable_value(variable, value)
  File "C:\Users\Philipp Schmitz\Desktop\OpenSVP\OpenSVP-HBRS24\1547.1\Lib\svpelab\hil_opal.py", line 685, in set_matlab_variable_value
    RtlabApi.SetAttribute(attributeNumber, RtlabApi.ATT_MATRIX_VALUE, valueToSet)
  File "c:\opal-rt\rt-lab\v2024.3.3.51\common\python\rtlab\util\functions_generated.py", line 246, in SetAttribute
    return SetAttributes((id,),(attribute,),(value,))
OpalApiPy.Exception: (22, 'Error 22: Could not complete command because the model is not loaded. \n\n(The model may have been reset by another process).')

2024-11-27 12:56:26.012  D  Setting matlab variable VOLT_PHA to 0.5217391304347826 instead of 1.0 
2024-11-27 12:56:26.655  E  Test script exception: Traceback (most recent call last):
  File "C:\Users\Philipp Schmitz\Desktop\OpenSVP\OpenSVP-HBRS24\1547.1\Scripts\VV.py", line 786, in run
    result = test_run()
  File "C:\Users\Philipp Schmitz\Desktop\OpenSVP\OpenSVP-HBRS24\1547.1\Scripts\VV.py", line 755, in test_run
    pwr_lvls=pwr_lvls, v_ref_value=v_ref_value)
  File "C:\Users\Philipp Schmitz\Desktop\OpenSVP\OpenSVP-HBRS24\1547.1\Scripts\VV.py", line 365, in volt_vars_mode
    grid.voltage(v_nom)
  File "C:\Users\Philipp Schmitz\Desktop\OpenSVP\OpenSVP-HBRS24\1547.1\Lib\svpelab\gridsim_opal.py", line 326, in voltage
    self.hil.set_matlab_variables(parameters)
  File "C:\Users\Philipp Schmitz\Desktop\OpenSVP\OpenSVP-HBRS24\1547.1\Lib\svpelab\hil_opal.py", line 930, in set_matlab_variables
    self.set_matlab_variable_value(variable, value)
  File "C:\Users\Philipp Schmitz\Desktop\OpenSVP\OpenSVP-HBRS24\1547.1\Lib\svpelab\hil_opal.py", line 685, in set_matlab_variable_value
    RtlabApi.SetAttribute(attributeNumber, RtlabApi.ATT_MATRIX_VALUE, valueToSet)
  File "c:\opal-rt\rt-lab\v2024.3.3.51\common\python\rtlab\util\functions_generated.py", line 246, in SetAttribute
    return SetAttributes((id,),(attribute,),(value,))
OpalApiPy.Exception: (22, 'Error 22: Could not complete command because the model is not loaded. \n\n(The model may have been reset by another process).')

