2024-11-27 13:06:52.452  D  
2024-11-27 13:06:52.453  D  **************  Starting VV_1  **************
2024-11-27 13:06:52.453  D  Script: VV.py 1.4.3
2024-11-27 13:06:52.453  I  Test Parameters:
2024-11-27 13:06:52.453  I      Volt-Var mode = Normal
2024-11-27 13:06:52.454  I      Characteristic 1 curve = Enabled
2024-11-27 13:06:52.454  I      Response time (s) for curve 1 = 10.0
2024-11-27 13:06:52.454  I      Characteristic 2 curve = Disabled
2024-11-27 13:06:52.455  I      Characteristic 3 curve = Disabled
2024-11-27 13:06:52.455  I      Power Levels iteration = 100%
2024-11-27 13:06:52.455  I      Voltage reference iteration = All
2024-11-27 13:06:52.455  I  EUT Parameters:
2024-11-27 13:06:52.456  I      Phases = Three phase
2024-11-27 13:06:52.456  I      Apparent power rating (VA) = 10000.0
2024-11-27 13:06:52.456  I      Output power rating (W) = 8000.0
2024-11-27 13:06:52.456  I      Minimum Power Rating(W) = 1000.0
2024-11-27 13:06:52.457  I      Output var rating (vars) = 2000.0
2024-11-27 13:06:52.457  I      Nominal AC voltage (V) = 120.0
2024-11-27 13:06:52.457  I      Minimum AC voltage (V) = 105.6
2024-11-27 13:06:52.457  I      Maximum AC voltage (V) = 132.0
2024-11-27 13:06:52.457  I      V_in_nom: Nominal input voltage (Vdc) = 400
2024-11-27 13:06:52.457  I      Nominal AC frequency (Hz) = 60.0
2024-11-27 13:06:52.457  I      Maximum frequency in the continuous operating region (Hz) = 66.0
2024-11-27 13:06:52.458  I      Minimum frequency in the continuous operating region (Hz) = 56.0
2024-11-27 13:06:52.458  I      EUT response to phase imbalance is calculated by: = EUT response to the average of the three-phase effective (RMS)
2024-11-27 13:06:52.458  I  DER Parameters:
2024-11-27 13:06:52.458  I      DER Mode = Disabled
2024-11-27 13:06:52.459  I  Grid Simulator Parameters:
2024-11-27 13:06:52.459  I      Mode = Opal
2024-11-27 13:06:52.459  I      Configure grid simulator at beginning of test = Enabled
2024-11-27 13:06:52.459  I      Opal Parameters:
2024-11-27 13:06:52.460  I          Phases = 3
2024-11-27 13:06:52.460  I          Nominal voltage for all phases = 230.0
2024-11-27 13:06:52.460  I          Frequency = 50.0
2024-11-27 13:06:52.461  I          Max Voltage = 250.0
2024-11-27 13:06:52.461  I          Max Frequency = 70.0
2024-11-27 13:06:52.461  I          Min Frequency = 45.0
2024-11-27 13:06:52.461  I  PV Simulator Parameters:
2024-11-27 13:06:52.462  I      Mode = Disabled
2024-11-27 13:06:52.462  I  Data Acquisition System Parameters:
2024-11-27 13:06:52.462  I      Mode = Opal
2024-11-27 13:06:52.463  I      Opal Parameters:
2024-11-27 13:06:52.463  I          Sample Interval (ms) = 1000
2024-11-27 13:06:52.463  I          Opal Analog Channel Map (e.g. simulinks blocks, etc,.) = Opal_Phase_Jump
2024-11-27 13:06:52.463  I          Waveform Directory = C:\Users\Host-PC\Desktop\pschmitz\OpenSVP_Testing2\models\IEEE_1547_Testing\ieee_1547_testing_sm_source\OpREDHAWK64target
2024-11-27 13:06:52.464  I          Waveform Channel List = PhaseJump
2024-11-27 13:06:52.464  I          Waveform Data File Name (.mat) = Data.mat
2024-11-27 13:06:52.464  I          Capture data from the console? = No
2024-11-27 13:06:52.465  I  HIL Parameters:
2024-11-27 13:06:52.465  I      Mode = Opal-RT
2024-11-27 13:06:52.465  I      Opal-RT Parameters:
2024-11-27 13:06:52.465  I          Target name in RT-LAB = Microgrid_Testbench
2024-11-27 13:06:52.466  I          Project Directory Loacation = C:\Users\Host-PC\Desktop\pschmitz\OpenSVP_Testing2\OpenSVP_Testing2.llp
2024-11-27 13:06:52.466  I          RT-LAB model name (.mdl or .slx) = IEEE_1547_Testing
2024-11-27 13:06:52.615  I          Real-Time simulation mode = Hardware
2024-11-27 13:06:52.618  I          Configure HIL in init = False
2024-11-27 13:06:52.622  I          Stop Time = 3600.0
2024-11-27 13:06:52.623  I  Functions to be activated in this test script = ['VV']
2024-11-27 13:06:52.624  D  Sc points: ['V_MEAS', 'V_TARGET', 'Q_MEAS', 'Q_TARGET', 'Q_TARGET_MIN', 'Q_TARGET_MAX', 'EVENT']
2024-11-27 13:06:52.628  D  summary column=90%_BY_TR=1,WITHIN_BOUNDS_BY_TR=1,WITHIN_BOUNDS_BY_LAST_TR,V_MEAS,V_TARGET,Q_MEAS,Q_TARGET,Q_TARGET_MIN,Q_TARGET_MAX,STEP,FILENAME
2024-11-27 13:06:52.630  D  1547.1 Library configured for UNDEFINED IN TEST CLASS
2024-11-27 13:06:52.633  D  y_variables={'Q': 'VV'}
2024-11-27 13:06:52.634  D  y_temp: Q
2024-11-27 13:06:52.818  D  y_points: ['AC_Q_1,AC_Q_2,AC_Q_3']
2024-11-27 13:06:52.820  D  y2_variable for result: V
2024-11-27 13:06:52.822  D  {'plot.title': 'title_name', 'plot.x.title': 'Time (sec)', 'plot.x.points': 'TIME', 'plot.y.points': 'AC_Q_1,AC_Q_2,AC_Q_3', 'plot.y.title': 'Reactive Power', 'plot.y2.points': 'AC_VRMS_1,AC_VRMS_2,AC_VRMS_3', 'plot.y2.title': 'Voltage', 'plot.Q_TARGET.min_error': 'Q_TARGET_MIN', 'plot.Q_TARGET.max_error': 'Q_TARGET_MAX'}
2024-11-27 13:06:52.826  D  ***************HIL initialization***************
2024-11-27 13:06:52.826  I  Opening Project: C:\Users\Host-PC\Desktop\pschmitz\OpenSVP_Testing2\OpenSVP_Testing2.llp
2024-11-27 13:06:52.827  I  Assuming project name is an absolute path to .llp file
2024-11-27 13:06:52.827  I  Opening project file: C:\Users\Host-PC\Desktop\pschmitz\OpenSVP_Testing2\OpenSVP_Testing2.llp
2024-11-27 13:06:53.052  I  Opened Project: C:\Users\Host-PC\Desktop\pschmitz\OpenSVP_Testing2\OpenSVP_Testing2.llp
2024-11-27 13:06:53.053  D  info(), self.target_name = Microgrid_Testbench
2024-11-27 13:06:53.091  I  OPAL-RT - Platform version OPAL-RTLinux 3.5.4 (4.19.80-opalrtlinux) (IP address : 192.168.10.102)
2024-11-27 13:06:53.092  I  Opening Project: C:\Users\Host-PC\Desktop\pschmitz\OpenSVP_Testing2\OpenSVP_Testing2.llp
2024-11-27 13:06:53.092  I  Assuming project name is an absolute path to .llp file
2024-11-27 13:06:53.092  I  Opening project file: C:\Users\Host-PC\Desktop\pschmitz\OpenSVP_Testing2\OpenSVP_Testing2.llp
2024-11-27 13:06:53.095  I  Opened Project: C:\Users\Host-PC\Desktop\pschmitz\OpenSVP_Testing2\OpenSVP_Testing2.llp
2024-11-27 13:06:54.111  I  Stopping/Resetting simulation. Current State: Model Loadable
2024-11-27 13:06:54.112  I  Model already stopped.
2024-11-27 13:06:54.113  I  Model state is now: Model Loadable
2024-11-27 13:06:54.114  I      Model Loadable
2024-11-27 13:06:54.115  I  Setting the simulation stop time for 3600.0 to run experiment.
2024-11-27 13:06:54.116  W  Stop time already set to 3600.0
2024-11-27 13:06:55.126  I  Loading Model.  This may take a while...
2024-11-27 13:06:55.126  I  The realtimemod : HARD_SYNC_MODE(0)
2024-11-27 13:07:18.887  I      The model is loaded.
2024-11-27 13:07:18.888  I  Simulation started.
2024-11-27 13:07:19.039  I      The model state is now: Model Running
2024-11-27 13:07:19.040  D  ***************PVSIM initialization***************
2024-11-27 13:07:19.040  D  ***************DAS initialization***************
2024-11-27 13:07:19.040  D  DAS connected to with HIL: <svpelab.hil_opal.HIL object at 0x0000022E58AD8E08>, DC meas: None, and gridsim: None
2024-11-27 13:07:19.068  I  DAS device: OPAL-RT - Platform version OPAL-RTLinux 3.5.4 (4.19.80-opalrtlinux) (IP address : 192.168.10.102)
2024-11-27 13:07:19.068  D  ***************EUT initialization***************
2024-11-27 13:07:19.069  D  Set L/HVRT and trip parameters set to the widest range of adjustability possible.
2024-11-27 13:07:19.069  D  ***************GRIDSIM initialization***************
2024-11-27 13:07:19.069  D  info(), self.target_name = Microgrid_Testbench
2024-11-27 13:07:19.098  D  Configuring gridsim with Opal hil parameters...using OPAL-RT - Platform version OPAL-RTLinux 3.5.4 (4.19.80-opalrtlinux) (IP address : 192.168.10.102)
2024-11-27 13:07:19.099  D  hil object : <svpelab.hil_opal.HIL object at 0x0000022E58AD8E08>
2024-11-27 13:07:19.099  I  Configuring the Grid Simulator.
2024-11-27 13:07:19.099  I  Configuring phase angles, frequencies, and voltages for gridsim
2024-11-27 13:07:19.109  D  matlab variable PHASE_PHA was already configured to 0 
2024-11-27 13:07:19.118  D  matlab variable PHASE_PHB was already configured to -120 
2024-11-27 13:07:19.128  D  matlab variable PHASE_PHC was already configured to 120 
2024-11-27 13:07:19.173  D  matlab variable FREQUENCY was already configured to 50.0 
2024-11-27 13:07:19.191  D  matlab variable VOLT_PHA was already configured to 1.0 
2024-11-27 13:07:19.199  D  matlab variable VOLT_PHB was already configured to 1.0 
2024-11-27 13:07:19.209  D  matlab variable VOLT_PHC was already configured to 1.0 
2024-11-27 13:07:19.246  D  Setting matlab variable FREQUENCY_MAX_LIMIT to 70.0 instead of 55.0 
2024-11-27 13:07:19.246  I  message: {'op': 'cmd', 'cmd': 'stop'}
2024-11-27 13:07:19.247  E  Test script exception: Traceback (most recent call last):
  File "C:\Users\Philipp Schmitz\Desktop\OpenSVP\OpenSVP-HBRS24\1547.1\Scripts\VV.py", line 202, in volt_vars_mode
    grid = gridsim.gridsim_init(ts,support_interfaces={'hil': chil})  # Turn on AC so the EUT can be initialized
  File "C:\Users\Philipp Schmitz\Desktop\OpenSVP\OpenSVP-HBRS24\1547.1\Lib\svpelab\gridsim.py", line 87, in gridsim_init
    sim = sim_module.GridSim(ts, group_name, support_interfaces=support_interfaces)
  File "C:\Users\Philipp Schmitz\Desktop\OpenSVP\OpenSVP-HBRS24\1547.1\Lib\svpelab\gridsim_opal.py", line 110, in __init__
    self.config()
  File "C:\Users\Philipp Schmitz\Desktop\OpenSVP\OpenSVP-HBRS24\1547.1\Lib\svpelab\gridsim_opal.py", line 129, in config
    self.frequency_max(frequency=self.f_max)
  File "C:\Users\Philipp Schmitz\Desktop\OpenSVP\OpenSVP-HBRS24\1547.1\Lib\svpelab\gridsim_opal.py", line 367, in frequency_max
    self.hil.set_matlab_variables(parameters)
  File "C:\Users\Philipp Schmitz\Desktop\OpenSVP\OpenSVP-HBRS24\1547.1\Lib\svpelab\hil_opal.py", line 930, in set_matlab_variables
    self.set_matlab_variable_value(variable, value)
  File "C:\Users\Philipp Schmitz\Desktop\OpenSVP\OpenSVP-HBRS24\1547.1\Lib\svpelab\hil_opal.py", line 683, in set_matlab_variable_value
    self.ts.sleep(0.5)
  File "C:\Users\Philipp Schmitz\Desktop\OpenSVP\OpenSVP-HBRS24\app.py", line 561, in sleep
    raise script.ScriptError('Commanded stop')
script.ScriptError: Commanded stop

2024-11-27 13:07:19.247  I  Stopping/Resetting simulation. Current State: Model Running
2024-11-27 13:07:21.886  I  Model state is now: Model Loadable
2024-11-27 13:07:22.176  I  Test result - Fail
