2025-02-05 16:17:49.833  D  
2025-02-05 16:17:49.834  D  **************  Starting VV_1  **************
2025-02-05 16:17:49.834  D  Script: VV.py 1.4.3
2025-02-05 16:17:49.834  I  Test Parameters:
2025-02-05 16:17:49.834  I      Volt-Var mode = Normal
2025-02-05 16:17:49.835  I      Characteristic 1 curve = Enabled
2025-02-05 16:17:49.835  I      Response time (s) for curve 1 = 10.0
2025-02-05 16:17:49.835  I      Characteristic 2 curve = Disabled
2025-02-05 16:17:49.836  I      Characteristic 3 curve = Disabled
2025-02-05 16:17:49.836  I      Power Levels iteration = 100%
2025-02-05 16:17:49.836  I      Voltage reference iteration = All
2025-02-05 16:17:49.836  I  EUT Parameters:
2025-02-05 16:17:49.837  I      Phases = Three phase
2025-02-05 16:17:49.837  I      Apparent power rating (VA) = 10000.0
2025-02-05 16:17:49.837  I      Output power rating (W) = 8000.0
2025-02-05 16:17:49.837  I      Minimum Power Rating(W) = 1000.0
2025-02-05 16:17:49.838  I      Output var rating (vars) = 2000.0
2025-02-05 16:17:49.838  I      Nominal AC voltage (V) = 120.0
2025-02-05 16:17:49.838  I      Minimum AC voltage (V) = 105.6
2025-02-05 16:17:49.838  I      Maximum AC voltage (V) = 132.0
2025-02-05 16:17:49.838  I      V_in_nom: Nominal input voltage (Vdc) = 400
2025-02-05 16:17:49.839  I      Nominal AC frequency (Hz) = 60.0
2025-02-05 16:17:49.839  I      Maximum frequency in the continuous operating region (Hz) = 66.0
2025-02-05 16:17:49.839  I      Minimum frequency in the continuous operating region (Hz) = 56.0
2025-02-05 16:17:49.839  I      EUT response to phase imbalance is calculated by: = EUT response to the average of the three-phase effective (RMS)
2025-02-05 16:17:49.840  I  DER Parameters:
2025-02-05 16:17:49.840  I      DER Mode = Disabled
2025-02-05 16:17:49.840  I  Grid Simulator Parameters:
2025-02-05 16:17:49.840  I      Mode = Opal
2025-02-05 16:17:49.840  I      Configure grid simulator at beginning of test = Enabled
2025-02-05 16:17:49.841  I      Opal Parameters:
2025-02-05 16:17:49.841  I          Phases = 3
2025-02-05 16:17:49.841  I          Nominal voltage for all phases = 230.0
2025-02-05 16:17:49.842  I          Frequency = 50.0
2025-02-05 16:17:49.842  I          Max Voltage = 250.0
2025-02-05 16:17:49.842  I          Max Frequency = 70.0
2025-02-05 16:17:49.843  I          Min Frequency = 45.0
2025-02-05 16:17:49.843  I  PV Simulator Parameters:
2025-02-05 16:17:49.843  I      Mode = Disabled
2025-02-05 16:17:49.843  I  Data Acquisition System Parameters:
2025-02-05 16:17:49.844  I      Mode = Opal
2025-02-05 16:17:49.844  I      Opal Parameters:
2025-02-05 16:17:49.844  I          Sample Interval (ms) = 1000
2025-02-05 16:17:49.845  I          Opal Analog Channel Map (e.g. simulinks blocks, etc,.) = Opal_Phase_Jump
2025-02-05 16:17:49.845  I          Waveform Directory = C:\Users\Host-PC\Desktop\pschmitz\OpenSVP_Testing2\models\IEEE_1547_Testing\ieee_1547_testing_sm_source\OpREDHAWK64target
2025-02-05 16:17:49.845  I          Waveform Channel List = PhaseJump
2025-02-05 16:17:49.845  I          Waveform Data File Name (.mat) = Data.mat
2025-02-05 16:17:49.846  I          Capture data from the console? = No
2025-02-05 16:17:49.846  I  HIL Parameters:
2025-02-05 16:17:49.846  I      Mode = Opal-RT
2025-02-05 16:17:49.847  I      Opal-RT Parameters:
2025-02-05 16:17:49.847  I          Target name in RT-LAB = Microgrid_Testbench
2025-02-05 16:17:49.847  I          Project Directory Loacation = C:\Users\Host-PC\Desktop\pschmitz\OpenSVP_Testing2\OpenSVP_Testing2.llp
2025-02-05 16:17:49.847  I          RT-LAB model name (.mdl or .slx) = IEEE_1547_Testing
2025-02-05 16:17:49.907  I          Real-Time simulation mode = Hardware
2025-02-05 16:17:49.908  I          Configure HIL in init = False
2025-02-05 16:17:49.908  I          Stop Time = 3600.0
2025-02-05 16:17:49.909  I  Functions to be activated in this test script = ['VV']
2025-02-05 16:17:49.909  D  Sc points: ['V_MEAS', 'V_TARGET', 'Q_MEAS', 'Q_TARGET', 'Q_TARGET_MIN', 'Q_TARGET_MAX', 'EVENT']
2025-02-05 16:17:49.910  D  summary column=90%_BY_TR=1,WITHIN_BOUNDS_BY_TR=1,WITHIN_BOUNDS_BY_LAST_TR,V_MEAS,V_TARGET,Q_MEAS,Q_TARGET,Q_TARGET_MIN,Q_TARGET_MAX,STEP,FILENAME
2025-02-05 16:17:49.910  D  1547.1 Library configured for UNDEFINED IN TEST CLASS
2025-02-05 16:17:49.912  D  y_variables={'Q': 'VV'}
2025-02-05 16:17:49.912  D  y_temp: Q
2025-02-05 16:17:50.108  D  y_points: ['AC_Q_1,AC_Q_2,AC_Q_3']
2025-02-05 16:17:50.108  D  y2_variable for result: V
2025-02-05 16:17:50.109  D  {'plot.title': 'title_name', 'plot.x.title': 'Time (sec)', 'plot.x.points': 'TIME', 'plot.y.points': 'AC_Q_1,AC_Q_2,AC_Q_3', 'plot.y.title': 'Reactive Power', 'plot.y2.points': 'AC_VRMS_1,AC_VRMS_2,AC_VRMS_3', 'plot.y2.title': 'Voltage', 'plot.Q_TARGET.min_error': 'Q_TARGET_MIN', 'plot.Q_TARGET.max_error': 'Q_TARGET_MAX'}
2025-02-05 16:17:50.111  D  ***************HIL initialization***************
2025-02-05 16:17:50.111  I  Opening Project: C:\Users\Host-PC\Desktop\pschmitz\OpenSVP_Testing2\OpenSVP_Testing2.llp
2025-02-05 16:17:50.112  I  Assuming project name is an absolute path to .llp file
2025-02-05 16:17:50.112  I  Opening project file: C:\Users\Host-PC\Desktop\pschmitz\OpenSVP_Testing2\OpenSVP_Testing2.llp
2025-02-05 16:17:50.330  I  Opened Project: C:\Users\Host-PC\Desktop\pschmitz\OpenSVP_Testing2\OpenSVP_Testing2.llp
2025-02-05 16:17:50.423  I  DC Sources configured
2025-02-05 16:17:50.423  D  info(), self.target_name = Microgrid_Testbench
2025-02-05 16:17:50.444  I  OPAL-RT - Platform version OPAL-RTLinux 3.5.4 (4.19.80-opalrtlinux) (IP address : 192.168.10.102)
2025-02-05 16:17:50.444  I  Opening Project: C:\Users\Host-PC\Desktop\pschmitz\OpenSVP_Testing2\OpenSVP_Testing2.llp
2025-02-05 16:17:50.444  I  Assuming project name is an absolute path to .llp file
2025-02-05 16:17:50.445  I  Opening project file: C:\Users\Host-PC\Desktop\pschmitz\OpenSVP_Testing2\OpenSVP_Testing2.llp
2025-02-05 16:17:50.448  I  Opened Project: C:\Users\Host-PC\Desktop\pschmitz\OpenSVP_Testing2\OpenSVP_Testing2.llp
2025-02-05 16:17:50.556  I  DC Sources configured
2025-02-05 16:17:51.564  I  Stopping/Resetting simulation. Current State: Model Disconnected
2025-02-05 16:17:52.488  E  Test script exception: Traceback (most recent call last):
  File "C:\Users\Philipp Schmitz\Desktop\OpenSVP\OpenSVP-HBRS24\1547.1\Scripts\VV.py", line 119, in volt_vars_mode
    chil.config()
  File "C:\Users\Philipp Schmitz\Desktop\OpenSVP\OpenSVP-HBRS24\1547.1\Lib\svpelab\hil_opal.py", line 162, in config
    self.ts.log("    {}".format(self.stop_simulation()))
  File "C:\Users\Philipp Schmitz\Desktop\OpenSVP\OpenSVP-HBRS24\1547.1\Lib\svpelab\hil_opal.py", line 573, in stop_simulation
    RtlabApi.Reset()
  File "<string>", line 4, in Reset
OpalApiPy.Exception: (17, 'Model (ID# 1): error 17: RT-LAB detected that the model did not reset correctly. Clean-up of processes left running was performed. Verify your model and the hardware configuration if any.\n')

2025-02-05 16:17:52.578  I  Stopping/Resetting simulation. Current State: Model Loadable
2025-02-05 16:17:52.578  I  Model already stopped.
2025-02-05 16:17:52.578  I  Model state is now: Model Loadable
2025-02-05 16:17:52.773  I  Test result - Fail
