2025-02-05 12:22:06.992  D  
2025-02-05 12:22:06.993  D  **************  Starting VV_1  **************
2025-02-05 12:22:06.993  D  Script: VV.py 1.4.3
2025-02-05 12:22:06.993  I  Test Parameters:
2025-02-05 12:22:06.994  I      Volt-Var mode = Normal
2025-02-05 12:22:06.994  I      Characteristic 1 curve = Enabled
2025-02-05 12:22:06.994  I      Response time (s) for curve 1 = 10.0
2025-02-05 12:22:06.994  I      Characteristic 2 curve = Disabled
2025-02-05 12:22:06.995  I      Characteristic 3 curve = Disabled
2025-02-05 12:22:06.995  I      Power Levels iteration = 100%
2025-02-05 12:22:06.995  I      Voltage reference iteration = All
2025-02-05 12:22:06.995  I  EUT Parameters:
2025-02-05 12:22:06.996  I      Phases = Three phase
2025-02-05 12:22:06.998  I      Apparent power rating (VA) = 10000.0
2025-02-05 12:22:06.998  I      Output power rating (W) = 8000.0
2025-02-05 12:22:06.998  I      Minimum Power Rating(W) = 1000.0
2025-02-05 12:22:06.998  I      Output var rating (vars) = 2000.0
2025-02-05 12:22:06.999  I      Nominal AC voltage (V) = 120.0
2025-02-05 12:22:06.999  I      Minimum AC voltage (V) = 105.6
2025-02-05 12:22:06.999  I      Maximum AC voltage (V) = 132.0
2025-02-05 12:22:06.999  I      V_in_nom: Nominal input voltage (Vdc) = 400
2025-02-05 12:22:07.000  I      Nominal AC frequency (Hz) = 60.0
2025-02-05 12:22:07.000  I      Maximum frequency in the continuous operating region (Hz) = 66.0
2025-02-05 12:22:07.000  I      Minimum frequency in the continuous operating region (Hz) = 56.0
2025-02-05 12:22:07.000  I      EUT response to phase imbalance is calculated by: = EUT response to the average of the three-phase effective (RMS)
2025-02-05 12:22:07.000  I  DER Parameters:
2025-02-05 12:22:07.001  I      DER Mode = Disabled
2025-02-05 12:22:07.001  I  Grid Simulator Parameters:
2025-02-05 12:22:07.001  I      Mode = Opal
2025-02-05 12:22:07.001  I      Configure grid simulator at beginning of test = Enabled
2025-02-05 12:22:07.002  I      Opal Parameters:
2025-02-05 12:22:07.002  I          Phases = 3
2025-02-05 12:22:07.002  I          Nominal voltage for all phases = 230.0
2025-02-05 12:22:07.002  I          Frequency = 50.0
2025-02-05 12:22:07.003  I          Max Voltage = 250.0
2025-02-05 12:22:07.003  I          Max Frequency = 70.0
2025-02-05 12:22:07.003  I          Min Frequency = 45.0
2025-02-05 12:22:07.004  I  PV Simulator Parameters:
2025-02-05 12:22:07.004  I      Mode = Disabled
2025-02-05 12:22:07.004  I  Data Acquisition System Parameters:
2025-02-05 12:22:07.004  I      Mode = Opal
2025-02-05 12:22:07.005  I      Opal Parameters:
2025-02-05 12:22:07.005  I          Sample Interval (ms) = 1000
2025-02-05 12:22:07.005  I          Opal Analog Channel Map (e.g. simulinks blocks, etc,.) = Opal_Phase_Jump
2025-02-05 12:22:07.006  I          Waveform Directory = C:\Users\Host-PC\Desktop\pschmitz\OpenSVP_Testing2\models\IEEE_1547_Testing\ieee_1547_testing_sm_source\OpREDHAWK64target
2025-02-05 12:22:07.006  I          Waveform Channel List = PhaseJump
2025-02-05 12:22:07.006  I          Waveform Data File Name (.mat) = Data.mat
2025-02-05 12:22:07.006  I          Capture data from the console? = No
2025-02-05 12:22:07.007  I  HIL Parameters:
2025-02-05 12:22:07.007  I      Mode = Opal-RT
2025-02-05 12:22:07.007  I      Opal-RT Parameters:
2025-02-05 12:22:07.007  I          Target name in RT-LAB = Microgrid_Testbench
2025-02-05 12:22:07.008  I          Project Directory Loacation = C:\Users\Host-PC\Desktop\pschmitz\OpenSVP_Testing2\OpenSVP_Testing2.llp
2025-02-05 12:22:07.008  I          RT-LAB model name (.mdl or .slx) = IEEE_1547_Testing
2025-02-05 12:22:07.129  I          Real-Time simulation mode = Hardware
2025-02-05 12:22:07.130  I          Configure HIL in init = False
2025-02-05 12:22:07.131  I          Stop Time = 3600.0
2025-02-05 12:22:07.132  I  Functions to be activated in this test script = ['VV']
2025-02-05 12:22:07.132  D  Sc points: ['V_MEAS', 'V_TARGET', 'Q_MEAS', 'Q_TARGET', 'Q_TARGET_MIN', 'Q_TARGET_MAX', 'EVENT']
2025-02-05 12:22:07.133  D  summary column=90%_BY_TR=1,WITHIN_BOUNDS_BY_TR=1,WITHIN_BOUNDS_BY_LAST_TR,V_MEAS,V_TARGET,Q_MEAS,Q_TARGET,Q_TARGET_MIN,Q_TARGET_MAX,STEP,FILENAME
2025-02-05 12:22:07.134  D  1547.1 Library configured for UNDEFINED IN TEST CLASS
2025-02-05 12:22:07.135  D  y_variables={'Q': 'VV'}
2025-02-05 12:22:07.135  D  y_temp: Q
2025-02-05 12:22:07.330  D  y_points: ['AC_Q_1,AC_Q_2,AC_Q_3']
2025-02-05 12:22:07.331  D  y2_variable for result: V
2025-02-05 12:22:07.332  D  {'plot.title': 'title_name', 'plot.x.title': 'Time (sec)', 'plot.x.points': 'TIME', 'plot.y.points': 'AC_Q_1,AC_Q_2,AC_Q_3', 'plot.y.title': 'Reactive Power', 'plot.y2.points': 'AC_VRMS_1,AC_VRMS_2,AC_VRMS_3', 'plot.y2.title': 'Voltage', 'plot.Q_TARGET.min_error': 'Q_TARGET_MIN', 'plot.Q_TARGET.max_error': 'Q_TARGET_MAX'}
2025-02-05 12:22:07.333  D  ***************HIL initialization***************
2025-02-05 12:22:07.334  I  Opening Project: C:\Users\Host-PC\Desktop\pschmitz\OpenSVP_Testing2\OpenSVP_Testing2.llp
2025-02-05 12:22:07.334  I  Assuming project name is an absolute path to .llp file
2025-02-05 12:22:07.335  I  Opening project file: C:\Users\Host-PC\Desktop\pschmitz\OpenSVP_Testing2\OpenSVP_Testing2.llp
2025-02-05 12:22:07.563  I  Opened Project: C:\Users\Host-PC\Desktop\pschmitz\OpenSVP_Testing2\OpenSVP_Testing2.llp
2025-02-05 12:22:07.566  W  Could not configure DC Sources:name 'IT6006C' is not defined
2025-02-05 12:22:07.567  E  Test script exception: Traceback (most recent call last):
  File "C:\Users\Philipp Schmitz\Desktop\OpenSVP\OpenSVP-HBRS24\1547.1\Scripts\VV.py", line 117, in volt_vars_mode
    chil = hil.hil_init(ts)
  File "C:\Users\Philipp Schmitz\Desktop\OpenSVP\OpenSVP-HBRS24\1547.1\Lib\svpelab\hil.py", line 102, in hil_init
    sim = sim_module.HIL(ts, group_name)
  File "C:\Users\Philipp Schmitz\Desktop\OpenSVP\OpenSVP-HBRS24\1547.1\Lib\svpelab\hil_opal.py", line 132, in __init__
    self.open()
  File "C:\Users\Philipp Schmitz\Desktop\OpenSVP\OpenSVP-HBRS24\1547.1\Lib\svpelab\hil_opal.py", line 297, in open
    self.configureOP1400dcSources()
  File "C:\Users\Philipp Schmitz\Desktop\OpenSVP\OpenSVP-HBRS24\1547.1\Lib\svpelab\hil_opal.py", line 313, in configureOP1400dcSources
    self.dc1=IT6006C(dc_1_ip)
NameError: name 'IT6006C' is not defined

2025-02-05 12:22:08.580  I  Test result - Fail
