2024-11-26 14:29:22.945  D  
2024-11-26 14:29:22.945  D  **************  Starting VV_1  **************
2024-11-26 14:29:22.946  D  Script: VV.py 1.4.3
2024-11-26 14:29:22.946  I  Test Parameters:
2024-11-26 14:29:22.946  I      Volt-Var mode = Normal
2024-11-26 14:29:22.946  I      Characteristic 1 curve = Enabled
2024-11-26 14:29:22.947  I      Response time (s) for curve 1 = 10.0
2024-11-26 14:29:22.947  I      Characteristic 2 curve = Disabled
2024-11-26 14:29:22.947  I      Characteristic 3 curve = Disabled
2024-11-26 14:29:22.947  I      Power Levels iteration = 100%
2024-11-26 14:29:22.948  I      Voltage reference iteration = All
2024-11-26 14:29:22.948  I  EUT Parameters:
2024-11-26 14:29:22.948  I      Phases = Three phase
2024-11-26 14:29:22.949  I      Apparent power rating (VA) = 10000.0
2024-11-26 14:29:22.949  I      Output power rating (W) = 8000.0
2024-11-26 14:29:22.949  I      Minimum Power Rating(W) = 1000.0
2024-11-26 14:29:22.949  I      Output var rating (vars) = 2000.0
2024-11-26 14:29:22.950  I      Nominal AC voltage (V) = 120.0
2024-11-26 14:29:22.950  I      Minimum AC voltage (V) = 105.6
2024-11-26 14:29:22.950  I      Maximum AC voltage (V) = 132.0
2024-11-26 14:29:22.950  I      V_in_nom: Nominal input voltage (Vdc) = 400
2024-11-26 14:29:22.950  I      Nominal AC frequency (Hz) = 60.0
2024-11-26 14:29:22.951  I      Maximum frequency in the continuous operating region (Hz) = 66.0
2024-11-26 14:29:22.951  I      Minimum frequency in the continuous operating region (Hz) = 56.0
2024-11-26 14:29:22.951  I      EUT response to phase imbalance is calculated by: = EUT response to the average of the three-phase effective (RMS)
2024-11-26 14:29:22.951  I  DER Parameters:
2024-11-26 14:29:22.951  I      DER Mode = Disabled
2024-11-26 14:29:22.952  I  Grid Simulator Parameters:
2024-11-26 14:29:22.952  I      Mode = Disabled
2024-11-26 14:29:22.952  I      Configure grid simulator at beginning of test = Disabled
2024-11-26 14:29:22.953  I  PV Simulator Parameters:
2024-11-26 14:29:22.953  I      Mode = Disabled
2024-11-26 14:29:22.953  I  Data Acquisition System Parameters:
2024-11-26 14:29:22.953  I      Mode = Disabled
2024-11-26 14:29:22.954  I  HIL Parameters:
2024-11-26 14:29:22.954  I      Mode = Opal-RT
2024-11-26 14:29:22.954  I      Opal-RT Parameters:
2024-11-26 14:29:22.954  I          Target name in RT-LAB = Microgrid_Testbench
2024-11-26 14:29:22.955  I          Project Directory Loacation = C:\Users\Host-PC\Desktop\pschmitz\OpenSVP_Testing2\OpenSVP_Testing2.llp
2024-11-26 14:29:22.955  I          RT-LAB model name (.mdl or .slx) = IEEE_1547_Testing
2024-11-26 14:29:22.955  I          Real-Time simulation mode = Hardware
2024-11-26 14:29:22.956  I          Configure HIL in init = False
2024-11-26 14:29:22.956  I          Stop Time = 3600.0
2024-11-26 14:29:22.956  I  Functions to be activated in this test script = ['VV']
2024-11-26 14:29:22.957  D  Sc points: ['V_MEAS', 'V_TARGET', 'Q_MEAS', 'Q_TARGET', 'Q_TARGET_MIN', 'Q_TARGET_MAX', 'EVENT']
2024-11-26 14:29:22.957  D  summary column=90%_BY_TR=1,WITHIN_BOUNDS_BY_TR=1,WITHIN_BOUNDS_BY_LAST_TR,V_MEAS,V_TARGET,Q_MEAS,Q_TARGET,Q_TARGET_MIN,Q_TARGET_MAX,STEP,FILENAME
2024-11-26 14:29:22.957  D  1547.1 Library configured for UNDEFINED IN TEST CLASS
2024-11-26 14:29:22.957  D  y_variables={'Q': 'VV'}
2024-11-26 14:29:22.958  D  y_temp: Q
2024-11-26 14:29:22.958  D  y_points: ['AC_Q_1,AC_Q_2,AC_Q_3']
2024-11-26 14:29:22.958  D  y2_variable for result: V
2024-11-26 14:29:22.958  D  {'plot.title': 'title_name', 'plot.x.title': 'Time (sec)', 'plot.x.points': 'TIME', 'plot.y.points': 'AC_Q_1,AC_Q_2,AC_Q_3', 'plot.y.title': 'Reactive Power', 'plot.y2.points': 'AC_VRMS_1,AC_VRMS_2,AC_VRMS_3', 'plot.y2.title': 'Voltage', 'plot.Q_TARGET.min_error': 'Q_TARGET_MIN', 'plot.Q_TARGET.max_error': 'Q_TARGET_MAX'}
2024-11-26 14:29:23.037  D  ***************HIL initialization***************
2024-11-26 14:29:23.037  I  Opening Project: C:\Users\Host-PC\Desktop\pschmitz\OpenSVP_Testing2\OpenSVP_Testing2.llp
2024-11-26 14:29:23.037  I  Assuming project name is an absolute path to .llp file
2024-11-26 14:29:23.038  I  Opening project file: C:\Users\Host-PC\Desktop\pschmitz\OpenSVP_Testing2\OpenSVP_Testing2.llp
2024-11-26 14:29:23.060  I  Opened Project: C:\Users\Host-PC\Desktop\pschmitz\OpenSVP_Testing2\OpenSVP_Testing2.llp
2024-11-26 14:29:23.060  D  info(), self.target_name = Microgrid_Testbench
2024-11-26 14:29:23.090  I  OPAL-RT - Platform version OPAL-RTLinux 3.5.4 (4.19.80-opalrtlinux) (IP address : 192.168.10.102)
2024-11-26 14:29:23.240  I  Opening Project: C:\Users\Host-PC\Desktop\pschmitz\OpenSVP_Testing2\OpenSVP_Testing2.llp
2024-11-26 14:29:23.241  I  Assuming project name is an absolute path to .llp file
2024-11-26 14:29:23.241  I  Opening project file: C:\Users\Host-PC\Desktop\pschmitz\OpenSVP_Testing2\OpenSVP_Testing2.llp
2024-11-26 14:29:23.245  I  Opened Project: C:\Users\Host-PC\Desktop\pschmitz\OpenSVP_Testing2\OpenSVP_Testing2.llp
2024-11-26 14:29:23.246  I  Setting the simulation stop time for 3600.0 to run experiment.
2024-11-26 14:29:23.246  W  Stop time already set to 3600.0
2024-11-26 14:29:23.247  D  ***************PVSIM initialization***************
2024-11-26 14:29:23.247  D  ***************DAS initialization***************
2024-11-26 14:29:23.247  E  Test script exception: Traceback (most recent call last):
  File "C:\Users\Philipp Schmitz\Desktop\OpenSVP\svp_1547.1-master\svp_1547.1-master\1547.1\Scripts\VV.py", line 137, in volt_vars_mode
    daq.sc['V_TARGET'] = v_nom
AttributeError: 'NoneType' object has no attribute 'sc'

2024-11-26 14:29:23.446  I  Stopping/Resetting simulation. Current State: Model Loadable
2024-11-26 14:29:23.446  I  Model already stopped.
2024-11-26 14:29:23.446  I  Model state is now: Model Loadable
2024-11-26 14:29:24.521  I  Test result - Fail
