2025-02-05 14:25:23.877  D  
2025-02-05 14:25:23.878  D  **************  Starting VV_1  **************
2025-02-05 14:25:23.878  D  Script: VV.py 1.4.3
2025-02-05 14:25:23.878  I  Test Parameters:
2025-02-05 14:25:23.879  I      Volt-Var mode = Normal
2025-02-05 14:25:23.879  I      Characteristic 1 curve = Enabled
2025-02-05 14:25:23.879  I      Response time (s) for curve 1 = 10.0
2025-02-05 14:25:23.879  I      Characteristic 2 curve = Disabled
2025-02-05 14:25:23.880  I      Characteristic 3 curve = Disabled
2025-02-05 14:25:23.881  I      Power Levels iteration = 100%
2025-02-05 14:25:23.881  I      Voltage reference iteration = All
2025-02-05 14:25:23.881  I  EUT Parameters:
2025-02-05 14:25:23.881  I      Phases = Three phase
2025-02-05 14:25:23.883  I      Apparent power rating (VA) = 10000.0
2025-02-05 14:25:23.883  I      Output power rating (W) = 8000.0
2025-02-05 14:25:23.883  I      Minimum Power Rating(W) = 1000.0
2025-02-05 14:25:23.883  I      Output var rating (vars) = 2000.0
2025-02-05 14:25:23.884  I      Nominal AC voltage (V) = 120.0
2025-02-05 14:25:23.884  I      Minimum AC voltage (V) = 105.6
2025-02-05 14:25:23.884  I      Maximum AC voltage (V) = 132.0
2025-02-05 14:25:23.884  I      V_in_nom: Nominal input voltage (Vdc) = 400
2025-02-05 14:25:23.884  I      Nominal AC frequency (Hz) = 60.0
2025-02-05 14:25:23.885  I      Maximum frequency in the continuous operating region (Hz) = 66.0
2025-02-05 14:25:23.885  I      Minimum frequency in the continuous operating region (Hz) = 56.0
2025-02-05 14:25:23.885  I      EUT response to phase imbalance is calculated by: = EUT response to the average of the three-phase effective (RMS)
2025-02-05 14:25:23.885  I  DER Parameters:
2025-02-05 14:25:23.886  I      DER Mode = Disabled
2025-02-05 14:25:23.886  I  Grid Simulator Parameters:
2025-02-05 14:25:23.886  I      Mode = Opal
2025-02-05 14:25:23.886  I      Configure grid simulator at beginning of test = Enabled
2025-02-05 14:25:23.887  I      Opal Parameters:
2025-02-05 14:25:23.887  I          Phases = 3
2025-02-05 14:25:23.887  I          Nominal voltage for all phases = 230.0
2025-02-05 14:25:23.888  I          Frequency = 50.0
2025-02-05 14:25:23.888  I          Max Voltage = 250.0
2025-02-05 14:25:23.888  I          Max Frequency = 70.0
2025-02-05 14:25:23.888  I          Min Frequency = 45.0
2025-02-05 14:25:23.889  I  PV Simulator Parameters:
2025-02-05 14:25:23.889  I      Mode = Disabled
2025-02-05 14:25:23.889  I  Data Acquisition System Parameters:
2025-02-05 14:25:23.889  I      Mode = Opal
2025-02-05 14:25:23.890  I      Opal Parameters:
2025-02-05 14:25:23.890  I          Sample Interval (ms) = 1000
2025-02-05 14:25:23.890  I          Opal Analog Channel Map (e.g. simulinks blocks, etc,.) = Opal_Phase_Jump
2025-02-05 14:25:23.891  I          Waveform Directory = C:\Users\Host-PC\Desktop\pschmitz\OpenSVP_Testing2\models\IEEE_1547_Testing\ieee_1547_testing_sm_source\OpREDHAWK64target
2025-02-05 14:25:23.891  I          Waveform Channel List = PhaseJump
2025-02-05 14:25:23.891  I          Waveform Data File Name (.mat) = Data.mat
2025-02-05 14:25:23.892  I          Capture data from the console? = No
2025-02-05 14:25:23.892  I  HIL Parameters:
2025-02-05 14:25:23.892  I      Mode = Opal-RT
2025-02-05 14:25:23.892  I      Opal-RT Parameters:
2025-02-05 14:25:23.893  I          Target name in RT-LAB = Microgrid_Testbench
2025-02-05 14:25:23.893  I          Project Directory Loacation = C:\Users\Host-PC\Desktop\pschmitz\OpenSVP_Testing2\OpenSVP_Testing2.llp
2025-02-05 14:25:23.893  I          RT-LAB model name (.mdl or .slx) = IEEE_1547_Testing
2025-02-05 14:25:23.963  I          Real-Time simulation mode = Hardware
2025-02-05 14:25:23.963  I          Configure HIL in init = False
2025-02-05 14:25:23.964  I          Stop Time = 3600.0
2025-02-05 14:25:23.965  I  Functions to be activated in this test script = ['VV']
2025-02-05 14:25:23.965  D  Sc points: ['V_MEAS', 'V_TARGET', 'Q_MEAS', 'Q_TARGET', 'Q_TARGET_MIN', 'Q_TARGET_MAX', 'EVENT']
2025-02-05 14:25:23.966  D  summary column=90%_BY_TR=1,WITHIN_BOUNDS_BY_TR=1,WITHIN_BOUNDS_BY_LAST_TR,V_MEAS,V_TARGET,Q_MEAS,Q_TARGET,Q_TARGET_MIN,Q_TARGET_MAX,STEP,FILENAME
2025-02-05 14:25:23.967  D  1547.1 Library configured for UNDEFINED IN TEST CLASS
2025-02-05 14:25:23.967  D  y_variables={'Q': 'VV'}
2025-02-05 14:25:23.968  D  y_temp: Q
2025-02-05 14:25:24.165  D  y_points: ['AC_Q_1,AC_Q_2,AC_Q_3']
2025-02-05 14:25:24.166  D  y2_variable for result: V
2025-02-05 14:25:24.166  D  {'plot.title': 'title_name', 'plot.x.title': 'Time (sec)', 'plot.x.points': 'TIME', 'plot.y.points': 'AC_Q_1,AC_Q_2,AC_Q_3', 'plot.y.title': 'Reactive Power', 'plot.y2.points': 'AC_VRMS_1,AC_VRMS_2,AC_VRMS_3', 'plot.y2.title': 'Voltage', 'plot.Q_TARGET.min_error': 'Q_TARGET_MIN', 'plot.Q_TARGET.max_error': 'Q_TARGET_MAX'}
2025-02-05 14:25:24.168  D  ***************HIL initialization***************
2025-02-05 14:25:24.169  I  Opening Project: C:\Users\Host-PC\Desktop\pschmitz\OpenSVP_Testing2\OpenSVP_Testing2.llp
2025-02-05 14:25:24.169  I  Assuming project name is an absolute path to .llp file
2025-02-05 14:25:24.170  I  Opening project file: C:\Users\Host-PC\Desktop\pschmitz\OpenSVP_Testing2\OpenSVP_Testing2.llp
2025-02-05 14:25:24.390  I  Opened Project: C:\Users\Host-PC\Desktop\pschmitz\OpenSVP_Testing2\OpenSVP_Testing2.llp
2025-02-05 14:25:24.482  I  DC Sources configured
2025-02-05 14:25:24.482  D  info(), self.target_name = Microgrid_Testbench
2025-02-05 14:25:24.515  I  OPAL-RT - Platform version OPAL-RTLinux 3.5.4 (4.19.80-opalrtlinux) (IP address : 192.168.10.102)
2025-02-05 14:25:24.516  I  Opening Project: C:\Users\Host-PC\Desktop\pschmitz\OpenSVP_Testing2\OpenSVP_Testing2.llp
2025-02-05 14:25:24.516  I  Assuming project name is an absolute path to .llp file
2025-02-05 14:25:24.516  I  Opening project file: C:\Users\Host-PC\Desktop\pschmitz\OpenSVP_Testing2\OpenSVP_Testing2.llp
2025-02-05 14:25:24.519  I  Opened Project: C:\Users\Host-PC\Desktop\pschmitz\OpenSVP_Testing2\OpenSVP_Testing2.llp
2025-02-05 14:25:24.633  I  DC Sources configured
2025-02-05 14:25:25.649  I  Stopping/Resetting simulation. Current State: Model Loadable
2025-02-05 14:25:25.650  I  Model already stopped.
2025-02-05 14:25:25.650  I  Model state is now: Model Loadable
2025-02-05 14:25:25.650  I      Model Loadable
2025-02-05 14:25:25.651  I  Setting the simulation stop time for 3600.0 to run experiment.
2025-02-05 14:25:25.651  W  Stop time already set to 3600.0
2025-02-05 14:25:26.663  I  Loading Model.  This may take a while...
2025-02-05 14:25:26.663  I  The realtimemod : HARD_SYNC_MODE(0)
2025-02-05 14:25:50.347  I      The model is loaded.
2025-02-05 14:25:50.347  I  Simulation started.
2025-02-05 14:25:50.367  I  Waiting for the DC-Sources to enable output
2025-02-05 14:25:50.645  E  Test script exception: Traceback (most recent call last):
  File "C:\Users\Philipp Schmitz\Desktop\OpenSVP\OpenSVP-HBRS24\1547.1\Scripts\VV.py", line 119, in volt_vars_mode
    chil.config()
  File "C:\Users\Philipp Schmitz\Desktop\OpenSVP\OpenSVP-HBRS24\1547.1\Lib\svpelab\hil_opal.py", line 171, in config
    self.ts.log("    {}".format(self.start_simulation()))
  File "C:\Users\Philipp Schmitz\Desktop\OpenSVP\OpenSVP-HBRS24\1547.1\Lib\svpelab\hil_opal.py", line 589, in start_simulation
    self.enableDCSources()
  File "C:\Users\Philipp Schmitz\Desktop\OpenSVP\OpenSVP-HBRS24\1547.1\Lib\svpelab\hil_opal.py", line 604, in enableDCSources
    while(self.dc1.getMeasVoltage()<minDCVoltage and self.dc2.getMeasVoltage()<minDCVoltage and self.dc3.getMeasVoltage()<minDCVoltage):
TypeError: '<' not supported between instances of 'str' and 'int'

2025-02-05 14:25:50.645  I  Stopping/Resetting simulation. Current State: Model Running
2025-02-05 14:25:53.242  I  Model state is now: Model Loadable
2025-02-05 14:25:53.549  I  Test result - Fail
