2024-11-20 12:39:37.823  D  
2024-11-20 12:39:37.823  D  **************  Starting VV_1  **************
2024-11-20 12:39:37.823  D  Script: VV.py 1.4.3
2024-11-20 12:39:37.824  I  Test Parameters:
2024-11-20 12:39:37.824  I      Volt-Var mode = Normal
2024-11-20 12:39:37.824  I      Characteristic 1 curve = Enabled
2024-11-20 12:39:37.825  I      Response time (s) for curve 1 = 10.0
2024-11-20 12:39:37.825  I      Characteristic 2 curve = Disabled
2024-11-20 12:39:37.825  I      Characteristic 3 curve = Disabled
2024-11-20 12:39:37.826  I      Power Levels iteration = 100%
2024-11-20 12:39:37.826  I      Voltage reference iteration = All
2024-11-20 12:39:37.826  I  EUT Parameters:
2024-11-20 12:39:37.826  I      Phases = Three phase
2024-11-20 12:39:37.829  I      Apparent power rating (VA) = 10000.0
2024-11-20 12:39:37.829  I      Output power rating (W) = 8000.0
2024-11-20 12:39:37.829  I      Minimum Power Rating(W) = 1000.0
2024-11-20 12:39:37.829  I      Output var rating (vars) = 2000.0
2024-11-20 12:39:37.830  I      Nominal AC voltage (V) = 120.0
2024-11-20 12:39:37.830  I      Minimum AC voltage (V) = 105.6
2024-11-20 12:39:37.830  I      Maximum AC voltage (V) = 132.0
2024-11-20 12:39:37.830  I      V_in_nom: Nominal input voltage (Vdc) = 400
2024-11-20 12:39:37.830  I      Nominal AC frequency (Hz) = 60.0
2024-11-20 12:39:37.831  I      Maximum frequency in the continuous operating region (Hz) = 66.0
2024-11-20 12:39:37.831  I      Minimum frequency in the continuous operating region (Hz) = 56.0
2024-11-20 12:39:37.831  I      EUT response to phase imbalance is calculated by: = EUT response to the average of the three-phase effective (RMS)
2024-11-20 12:39:37.831  I  DER Parameters:
2024-11-20 12:39:37.832  I      DER Mode = Disabled
2024-11-20 12:39:37.832  I  Grid Simulator Parameters:
2024-11-20 12:39:37.832  I      Mode = Disabled
2024-11-20 12:39:37.832  I      Configure grid simulator at beginning of test = Disabled
2024-11-20 12:39:37.833  I  PV Simulator Parameters:
2024-11-20 12:39:37.833  I      Mode = Disabled
2024-11-20 12:39:37.833  I  Data Acquisition System Parameters:
2024-11-20 12:39:37.833  I      Mode = Disabled
2024-11-20 12:39:37.834  I  HIL Parameters:
2024-11-20 12:39:37.834  I      Mode = Opal-RT
2024-11-20 12:39:37.834  I      Opal-RT Parameters:
2024-11-20 12:39:37.834  I          Target name in RT-LAB = Microgrid_Testbench
2024-11-20 12:39:37.834  I          Project Directory Loacation = C:\Users\Host-PC\Desktop\pschmitz\OpenSVP_Testing2\OpenSVP_Testing2.llp
2024-11-20 12:39:37.835  I          RT-LAB model name (.mdl or .slx) = IEEE_1547_Testing
2024-11-20 12:39:37.835  I          Real-Time simulation mode = Hardware
2024-11-20 12:39:37.835  I          Configure HIL in init = False
2024-11-20 12:39:37.836  I          Stop Time = 3600.0
2024-11-20 12:39:37.836  I  Functions to be activated in this test script = ['VV']
2024-11-20 12:39:37.837  D  Sc points: ['V_MEAS', 'V_TARGET', 'Q_MEAS', 'Q_TARGET', 'Q_TARGET_MIN', 'Q_TARGET_MAX', 'EVENT']
2024-11-20 12:39:37.837  D  summary column=90%_BY_TR=1,WITHIN_BOUNDS_BY_TR=1,WITHIN_BOUNDS_BY_LAST_TR,V_MEAS,V_TARGET,Q_MEAS,Q_TARGET,Q_TARGET_MIN,Q_TARGET_MAX,STEP,FILENAME
2024-11-20 12:39:37.837  D  1547.1 Library configured for UNDEFINED IN TEST CLASS
2024-11-20 12:39:37.837  D  y_variables={'Q': 'VV'}
2024-11-20 12:39:37.837  D  y_temp: Q
2024-11-20 12:39:37.838  D  y_points: ['AC_Q_1,AC_Q_2,AC_Q_3']
2024-11-20 12:39:37.838  D  y2_variable for result: V
2024-11-20 12:39:37.838  D  {'plot.title': 'title_name', 'plot.x.title': 'Time (sec)', 'plot.x.points': 'TIME', 'plot.y.points': 'AC_Q_1,AC_Q_2,AC_Q_3', 'plot.y.title': 'Reactive Power', 'plot.y2.points': 'AC_VRMS_1,AC_VRMS_2,AC_VRMS_3', 'plot.y2.title': 'Voltage', 'plot.Q_TARGET.min_error': 'Q_TARGET_MIN', 'plot.Q_TARGET.max_error': 'Q_TARGET_MAX'}
2024-11-20 12:39:37.986  D  ***************HIL initialization***************
2024-11-20 12:39:37.987  I  Opening Project: C:\Users\Host-PC\Desktop\pschmitz\OpenSVP_Testing2\OpenSVP_Testing2.llp
2024-11-20 12:39:37.987  I  Assuming project name is an absolute path to .llp file
2024-11-20 12:39:37.988  I  Opening project file: C:\Users\Host-PC\Desktop\pschmitz\OpenSVP_Testing2\OpenSVP_Testing2.llp
2024-11-20 12:39:38.723  I  Opened Project: C:\Users\Host-PC\Desktop\pschmitz\OpenSVP_Testing2\OpenSVP_Testing2.llp
2024-11-20 12:39:38.724  D  info(), self.target_name = Microgrid_Testbench
2024-11-20 12:39:42.567  E  Test script exception: Traceback (most recent call last):
  File "C:\Users\Philipp Schmitz\Desktop\OpenSVP\svp_1547.1-master\svp_1547.1-master\1547.1\Scripts\VV.py", line 119, in volt_vars_mode
    chil.config()
  File "C:\Users\Philipp Schmitz\Desktop\OpenSVP\svp_1547.1-master\svp_1547.1-master\1547.1\Lib\svpelab\hil_opal.py", line 151, in config
    self.ts.log("{}".format(self.info()))
  File "C:\Users\Philipp Schmitz\Desktop\OpenSVP\svp_1547.1-master\svp_1547.1-master\1547.1\Lib\svpelab\hil_opal.py", line 310, in info
    system_info = RtlabApi.GetTargetNodeSystemInfo(self.target_name)
  File "<string>", line 4, in GetTargetNodeSystemInfo
OpalApiPy.Exception: (28703, 'Error 28703: Target node 192.168.10.102 is not responding. \nVerify that the node is up and is connected to network.')

2024-11-20 12:39:42.568  I  Stopping/Resetting simulation. Current State: Model Loadable
2024-11-20 12:39:42.568  I  Model already stopped.
2024-11-20 12:39:42.568  I  Model state is now: Model Loadable
2024-11-20 12:39:42.753  I  Test result - Fail
