2025-02-05 13:02:51.454  D  
2025-02-05 13:02:51.454  D  **************  Starting VV_1  **************
2025-02-05 13:02:51.454  D  Script: VV.py 1.4.3
2025-02-05 13:02:51.455  I  Test Parameters:
2025-02-05 13:02:51.455  I      Volt-Var mode = Normal
2025-02-05 13:02:51.455  I      Characteristic 1 curve = Enabled
2025-02-05 13:02:51.456  I      Response time (s) for curve 1 = 10.0
2025-02-05 13:02:51.456  I      Characteristic 2 curve = Disabled
2025-02-05 13:02:51.456  I      Characteristic 3 curve = Disabled
2025-02-05 13:02:51.457  I      Power Levels iteration = 100%
2025-02-05 13:02:51.457  I      Voltage reference iteration = All
2025-02-05 13:02:51.457  I  EUT Parameters:
2025-02-05 13:02:51.457  I      Phases = Three phase
2025-02-05 13:02:51.459  I      Apparent power rating (VA) = 10000.0
2025-02-05 13:02:51.459  I      Output power rating (W) = 8000.0
2025-02-05 13:02:51.459  I      Minimum Power Rating(W) = 1000.0
2025-02-05 13:02:51.460  I      Output var rating (vars) = 2000.0
2025-02-05 13:02:51.460  I      Nominal AC voltage (V) = 120.0
2025-02-05 13:02:51.460  I      Minimum AC voltage (V) = 105.6
2025-02-05 13:02:51.460  I      Maximum AC voltage (V) = 132.0
2025-02-05 13:02:51.461  I      V_in_nom: Nominal input voltage (Vdc) = 400
2025-02-05 13:02:51.461  I      Nominal AC frequency (Hz) = 60.0
2025-02-05 13:02:51.461  I      Maximum frequency in the continuous operating region (Hz) = 66.0
2025-02-05 13:02:51.461  I      Minimum frequency in the continuous operating region (Hz) = 56.0
2025-02-05 13:02:51.462  I      EUT response to phase imbalance is calculated by: = EUT response to the average of the three-phase effective (RMS)
2025-02-05 13:02:51.462  I  DER Parameters:
2025-02-05 13:02:51.462  I      DER Mode = Disabled
2025-02-05 13:02:51.462  I  Grid Simulator Parameters:
2025-02-05 13:02:51.462  I      Mode = Opal
2025-02-05 13:02:51.463  I      Configure grid simulator at beginning of test = Enabled
2025-02-05 13:02:51.463  I      Opal Parameters:
2025-02-05 13:02:51.463  I          Phases = 3
2025-02-05 13:02:51.464  I          Nominal voltage for all phases = 230.0
2025-02-05 13:02:51.464  I          Frequency = 50.0
2025-02-05 13:02:51.464  I          Max Voltage = 250.0
2025-02-05 13:02:51.464  I          Max Frequency = 70.0
2025-02-05 13:02:51.465  I          Min Frequency = 45.0
2025-02-05 13:02:51.465  I  PV Simulator Parameters:
2025-02-05 13:02:51.465  I      Mode = Disabled
2025-02-05 13:02:51.466  I  Data Acquisition System Parameters:
2025-02-05 13:02:51.466  I      Mode = Opal
2025-02-05 13:02:51.466  I      Opal Parameters:
2025-02-05 13:02:51.466  I          Sample Interval (ms) = 1000
2025-02-05 13:02:51.467  I          Opal Analog Channel Map (e.g. simulinks blocks, etc,.) = Opal_Phase_Jump
2025-02-05 13:02:51.467  I          Waveform Directory = C:\Users\Host-PC\Desktop\pschmitz\OpenSVP_Testing2\models\IEEE_1547_Testing\ieee_1547_testing_sm_source\OpREDHAWK64target
2025-02-05 13:02:51.467  I          Waveform Channel List = PhaseJump
2025-02-05 13:02:51.468  I          Waveform Data File Name (.mat) = Data.mat
2025-02-05 13:02:51.468  I          Capture data from the console? = No
2025-02-05 13:02:51.468  I  HIL Parameters:
2025-02-05 13:02:51.468  I      Mode = Opal-RT
2025-02-05 13:02:51.469  I      Opal-RT Parameters:
2025-02-05 13:02:51.469  I          Target name in RT-LAB = Microgrid_Testbench
2025-02-05 13:02:51.469  I          Project Directory Loacation = C:\Users\Host-PC\Desktop\pschmitz\OpenSVP_Testing2\OpenSVP_Testing2.llp
2025-02-05 13:02:51.470  I          RT-LAB model name (.mdl or .slx) = IEEE_1547_Testing
2025-02-05 13:02:51.616  I          Real-Time simulation mode = Hardware
2025-02-05 13:02:51.619  I          Configure HIL in init = False
2025-02-05 13:02:51.623  I          Stop Time = 3600.0
2025-02-05 13:02:51.624  I  Functions to be activated in this test script = ['VV']
2025-02-05 13:02:51.625  D  Sc points: ['V_MEAS', 'V_TARGET', 'Q_MEAS', 'Q_TARGET', 'Q_TARGET_MIN', 'Q_TARGET_MAX', 'EVENT']
2025-02-05 13:02:51.629  D  summary column=90%_BY_TR=1,WITHIN_BOUNDS_BY_TR=1,WITHIN_BOUNDS_BY_LAST_TR,V_MEAS,V_TARGET,Q_MEAS,Q_TARGET,Q_TARGET_MIN,Q_TARGET_MAX,STEP,FILENAME
2025-02-05 13:02:51.631  D  1547.1 Library configured for UNDEFINED IN TEST CLASS
2025-02-05 13:02:51.634  D  y_variables={'Q': 'VV'}
2025-02-05 13:02:51.635  D  y_temp: Q
2025-02-05 13:02:51.819  D  y_points: ['AC_Q_1,AC_Q_2,AC_Q_3']
2025-02-05 13:02:51.822  D  y2_variable for result: V
2025-02-05 13:02:51.824  D  {'plot.title': 'title_name', 'plot.x.title': 'Time (sec)', 'plot.x.points': 'TIME', 'plot.y.points': 'AC_Q_1,AC_Q_2,AC_Q_3', 'plot.y.title': 'Reactive Power', 'plot.y2.points': 'AC_VRMS_1,AC_VRMS_2,AC_VRMS_3', 'plot.y2.title': 'Voltage', 'plot.Q_TARGET.min_error': 'Q_TARGET_MIN', 'plot.Q_TARGET.max_error': 'Q_TARGET_MAX'}
2025-02-05 13:02:51.832  D  ***************HIL initialization***************
2025-02-05 13:02:51.835  I  Opening Project: C:\Users\Host-PC\Desktop\pschmitz\OpenSVP_Testing2\OpenSVP_Testing2.llp
2025-02-05 13:02:51.837  I  Assuming project name is an absolute path to .llp file
2025-02-05 13:02:51.839  I  Opening project file: C:\Users\Host-PC\Desktop\pschmitz\OpenSVP_Testing2\OpenSVP_Testing2.llp
2025-02-05 13:02:52.045  I  Opened Project: C:\Users\Host-PC\Desktop\pschmitz\OpenSVP_Testing2\OpenSVP_Testing2.llp
2025-02-05 13:02:54.132  W  Could not configure DC Sources:VI_ERROR_RSRC_NFOUND (-1073807343): Insufficient location information or the requested device or resource is not present in the system.
2025-02-05 13:02:54.141  E  Test script exception: Traceback (most recent call last):
  File "C:\Users\Philipp Schmitz\Desktop\OpenSVP\OpenSVP-HBRS24\1547.1\Scripts\VV.py", line 117, in volt_vars_mode
    chil = hil.hil_init(ts)
  File "C:\Users\Philipp Schmitz\Desktop\OpenSVP\OpenSVP-HBRS24\1547.1\Lib\svpelab\hil.py", line 102, in hil_init
    sim = sim_module.HIL(ts, group_name)
  File "C:\Users\Philipp Schmitz\Desktop\OpenSVP\OpenSVP-HBRS24\1547.1\Lib\svpelab\hil_opal.py", line 132, in __init__
    self.open()
  File "C:\Users\Philipp Schmitz\Desktop\OpenSVP\OpenSVP-HBRS24\1547.1\Lib\svpelab\hil_opal.py", line 297, in open
    self.configureOP1400dcSources()
  File "C:\Users\Philipp Schmitz\Desktop\OpenSVP\OpenSVP-HBRS24\1547.1\Lib\svpelab\hil_opal.py", line 315, in configureOP1400dcSources
    self.dc3=device_itech_IT6006C.IT6006C(dc_3_ip)
  File "C:\Users\Philipp Schmitz\Desktop\OpenSVP\OpenSVP-HBRS24\1547.1\Lib\svpelab\device_itech_IT6006C.py", line 39, in __init__
    self.inst = rm.open_resource(resource)
  File "c:\users\philipp schmitz\appdata\local\programs\python\python37\lib\site-packages\pyvisa\highlevel.py", line 3284, in open_resource
    res.open(access_mode, open_timeout)
  File "c:\users\philipp schmitz\appdata\local\programs\python\python37\lib\site-packages\pyvisa\resources\resource.py", line 279, in open
    self._resource_name, access_mode, open_timeout
  File "c:\users\philipp schmitz\appdata\local\programs\python\python37\lib\site-packages\pyvisa\highlevel.py", line 3209, in open_bare_resource
    return self.visalib.open(self.session, resource_name, access_mode, open_timeout)
  File "c:\users\philipp schmitz\appdata\local\programs\python\python37\lib\site-packages\pyvisa\ctwrapper\functions.py", line 1852, in open
    session, resource_name, access_mode, open_timeout, byref(out_session)
  File "c:\users\philipp schmitz\appdata\local\programs\python\python37\lib\site-packages\pyvisa\ctwrapper\highlevel.py", line 226, in _return_handler
    return self.handle_return_value(session, ret_value)  # type: ignore
  File "c:\users\philipp schmitz\appdata\local\programs\python\python37\lib\site-packages\pyvisa\highlevel.py", line 251, in handle_return_value
    raise errors.VisaIOError(rv)
pyvisa.errors.VisaIOError: VI_ERROR_RSRC_NFOUND (-1073807343): Insufficient location information or the requested device or resource is not present in the system.

2025-02-05 13:02:54.287  I  Test result - Fail
